{"D:\\Pessoal\\Projetos\\project-paodoceu\\backend\\src\\controllers\\authController.ts": {"path":"D:\\Pessoal\\Projetos\\project-paodoceu\\backend\\src\\controllers\\authController.ts","statementMap":{"0":{"start":{"line":9,"column":25},"end":{"line":9,"column":null}},"1":{"start":{"line":10,"column":25},"end":{"line":10,"column":null}},"2":{"start":{"line":12,"column":22},"end":{"line":18,"column":null}},"3":{"start":{"line":12,"column":46},"end":{"line":18,"column":null}},"4":{"start":{"line":21,"column":22},"end":{"line":23,"column":null}},"5":{"start":{"line":22,"column":2},"end":{"line":22,"column":null}},"6":{"start":{"line":26,"column":22},"end":{"line":29,"column":null}},"7":{"start":{"line":27,"column":20},"end":{"line":27,"column":null}},"8":{"start":{"line":28,"column":2},"end":{"line":28,"column":null}},"9":{"start":{"line":32,"column":21},"end":{"line":35,"column":null}},"10":{"start":{"line":33,"column":2},"end":{"line":33,"column":null}},"11":{"start":{"line":34,"column":2},"end":{"line":34,"column":null}},"12":{"start":{"line":40,"column":22},"end":{"line":40,"column":48}},"13":{"start":{"line":43,"column":25},"end":{"line":43,"column":null}},"14":{"start":{"line":44,"column":4},"end":{"line":44,"column":null}},"15":{"start":{"line":48,"column":22},"end":{"line":48,"column":null}},"16":{"start":{"line":49,"column":31},"end":{"line":49,"column":null}},"17":{"start":{"line":52,"column":4},"end":{"line":52,"column":null}},"18":{"start":{"line":53,"column":4},"end":{"line":53,"column":null}},"19":{"start":{"line":55,"column":4},"end":{"line":55,"column":null}},"20":{"start":{"line":59,"column":26},"end":{"line":59,"column":null}},"21":{"start":{"line":60,"column":31},"end":{"line":60,"column":null}},"22":{"start":{"line":63,"column":4},"end":{"line":63,"column":null}},"23":{"start":{"line":64,"column":4},"end":{"line":64,"column":null}},"24":{"start":{"line":66,"column":4},"end":{"line":66,"column":null}},"25":{"start":{"line":71,"column":4},"end":{"line":71,"column":null}},"26":{"start":{"line":72,"column":4},"end":{"line":72,"column":null}}},"fnMap":{"0":{"name":"(anonymous_0)","decl":{"start":{"line":12,"column":22},"end":{"line":12,"column":23}},"loc":{"start":{"line":12,"column":46},"end":{"line":18,"column":null}},"line":12},"1":{"name":"(anonymous_1)","decl":{"start":{"line":21,"column":22},"end":{"line":21,"column":23}},"loc":{"start":{"line":21,"column":56},"end":{"line":23,"column":null}},"line":21},"2":{"name":"(anonymous_2)","decl":{"start":{"line":26,"column":22},"end":{"line":26,"column":23}},"loc":{"start":{"line":26,"column":41},"end":{"line":29,"column":null}},"line":26},"3":{"name":"(anonymous_3)","decl":{"start":{"line":32,"column":21},"end":{"line":32,"column":22}},"loc":{"start":{"line":32,"column":40},"end":{"line":35,"column":null}},"line":32},"4":{"name":"(anonymous_4)","decl":{"start":{"line":40,"column":2},"end":{"line":40,"column":22}},"loc":{"start":{"line":40,"column":48},"end":{"line":40,"column":null}},"line":40},"5":{"name":"(anonymous_5)","decl":{"start":{"line":42,"column":8},"end":{"line":42,"column":19}},"loc":{"start":{"line":42,"column":48},"end":{"line":45,"column":null}},"line":42},"6":{"name":"(anonymous_6)","decl":{"start":{"line":47,"column":8},"end":{"line":47,"column":14}},"loc":{"start":{"line":47,"column":43},"end":{"line":56,"column":null}},"line":47},"7":{"name":"(anonymous_7)","decl":{"start":{"line":58,"column":8},"end":{"line":58,"column":18}},"loc":{"start":{"line":58,"column":47},"end":{"line":67,"column":null}},"line":58},"8":{"name":"(anonymous_8)","decl":{"start":{"line":70,"column":8},"end":{"line":70,"column":15}},"loc":{"start":{"line":70,"column":44},"end":{"line":73,"column":null}},"line":70}},"branchMap":{},"s":{"0":0,"1":0,"2":0,"3":0,"4":0,"5":0,"6":0,"7":0,"8":0,"9":0,"10":0,"11":0,"12":0,"13":0,"14":0,"15":0,"16":0,"17":0,"18":0,"19":0,"20":0,"21":0,"22":0,"23":0,"24":0,"25":0,"26":0},"f":{"0":0,"1":0,"2":0,"3":0,"4":0,"5":0,"6":0,"7":0,"8":0},"b":{},"meta":{"lastBranch":0,"lastFunction":9,"lastStatement":27,"seen":{"s:9:25:9:Infinity":0,"s:10:25:10:Infinity":1,"s:12:22:18:Infinity":2,"f:12:22:12:23":0,"s:12:46:18:Infinity":3,"s:21:22:23:Infinity":4,"f:21:22:21:23":1,"s:22:2:22:Infinity":5,"s:26:22:29:Infinity":6,"f:26:22:26:23":2,"s:27:20:27:Infinity":7,"s:28:2:28:Infinity":8,"s:32:21:35:Infinity":9,"f:32:21:32:22":3,"s:33:2:33:Infinity":10,"s:34:2:34:Infinity":11,"f:40:2:40:22":4,"s:40:22:40:48":12,"f:42:8:42:19":5,"s:43:25:43:Infinity":13,"s:44:4:44:Infinity":14,"f:47:8:47:14":6,"s:48:22:48:Infinity":15,"s:49:31:49:Infinity":16,"s:52:4:52:Infinity":17,"s:53:4:53:Infinity":18,"s:55:4:55:Infinity":19,"f:58:8:58:18":7,"s:59:26:59:Infinity":20,"s:60:31:60:Infinity":21,"s:63:4:63:Infinity":22,"s:64:4:64:Infinity":23,"s:66:4:66:Infinity":24,"f:70:8:70:15":8,"s:71:4:71:Infinity":25,"s:72:4:72:Infinity":26}}}
,"D:\\Pessoal\\Projetos\\project-paodoceu\\backend\\src\\controllers\\categoriasController.ts": {"path":"D:\\Pessoal\\Projetos\\project-paodoceu\\backend\\src\\controllers\\categoriasController.ts","statementMap":{"0":{"start":{"line":6,"column":26},"end":{"line":6,"column":null}},"1":{"start":{"line":11,"column":37},"end":{"line":11,"column":null}},"2":{"start":{"line":14,"column":4},"end":{"line":19,"column":null}},"3":{"start":{"line":15,"column":19},"end":{"line":15,"column":null}},"4":{"start":{"line":16,"column":20},"end":{"line":16,"column":null}},"5":{"start":{"line":17,"column":30},"end":{"line":17,"column":null}},"6":{"start":{"line":18,"column":6},"end":{"line":18,"column":null}},"7":{"start":{"line":22,"column":23},"end":{"line":22,"column":null}},"8":{"start":{"line":23,"column":4},"end":{"line":23,"column":null}},"9":{"start":{"line":27,"column":19},"end":{"line":27,"column":null}},"10":{"start":{"line":28,"column":22},"end":{"line":28,"column":null}},"11":{"start":{"line":30,"column":4},"end":{"line":32,"column":null}},"12":{"start":{"line":31,"column":6},"end":{"line":31,"column":null}},"13":{"start":{"line":34,"column":4},"end":{"line":34,"column":null}},"14":{"start":{"line":38,"column":26},"end":{"line":38,"column":null}},"15":{"start":{"line":39,"column":4},"end":{"line":39,"column":null}},"16":{"start":{"line":43,"column":19},"end":{"line":43,"column":null}},"17":{"start":{"line":44,"column":32},"end":{"line":44,"column":null}},"18":{"start":{"line":45,"column":4},"end":{"line":45,"column":null}},"19":{"start":{"line":49,"column":19},"end":{"line":49,"column":null}},"20":{"start":{"line":50,"column":4},"end":{"line":50,"column":null}},"21":{"start":{"line":51,"column":4},"end":{"line":51,"column":null}}},"fnMap":{"0":{"name":"(anonymous_0)","decl":{"start":{"line":9,"column":8},"end":{"line":9,"column":20}},"loc":{"start":{"line":9,"column":49},"end":{"line":24,"column":null}},"line":9},"1":{"name":"(anonymous_1)","decl":{"start":{"line":26,"column":8},"end":{"line":26,"column":19}},"loc":{"start":{"line":26,"column":48},"end":{"line":35,"column":null}},"line":26},"2":{"name":"(anonymous_2)","decl":{"start":{"line":37,"column":8},"end":{"line":37,"column":14}},"loc":{"start":{"line":37,"column":43},"end":{"line":40,"column":null}},"line":37},"3":{"name":"(anonymous_3)","decl":{"start":{"line":42,"column":8},"end":{"line":42,"column":18}},"loc":{"start":{"line":42,"column":47},"end":{"line":46,"column":null}},"line":42},"4":{"name":"(anonymous_4)","decl":{"start":{"line":48,"column":8},"end":{"line":48,"column":16}},"loc":{"start":{"line":48,"column":45},"end":{"line":52,"column":null}},"line":48}},"branchMap":{"0":{"loc":{"start":{"line":14,"column":4},"end":{"line":19,"column":null}},"type":"if","locations":[{"start":{"line":14,"column":4},"end":{"line":19,"column":null}},{"start":{},"end":{}}],"line":14},"1":{"loc":{"start":{"line":15,"column":19},"end":{"line":15,"column":null}},"type":"binary-expr","locations":[{"start":{"line":15,"column":19},"end":{"line":15,"column":53}},{"start":{"line":15,"column":53},"end":{"line":15,"column":null}}],"line":15},"2":{"loc":{"start":{"line":16,"column":20},"end":{"line":16,"column":null}},"type":"binary-expr","locations":[{"start":{"line":16,"column":20},"end":{"line":16,"column":54}},{"start":{"line":16,"column":54},"end":{"line":16,"column":null}}],"line":16},"3":{"loc":{"start":{"line":30,"column":4},"end":{"line":32,"column":null}},"type":"if","locations":[{"start":{"line":30,"column":4},"end":{"line":32,"column":null}},{"start":{},"end":{}}],"line":30}},"s":{"0":0,"1":0,"2":0,"3":0,"4":0,"5":0,"6":0,"7":0,"8":0,"9":0,"10":0,"11":0,"12":0,"13":0,"14":0,"15":0,"16":0,"17":0,"18":0,"19":0,"20":0,"21":0},"f":{"0":0,"1":0,"2":0,"3":0,"4":0},"b":{"0":[0,0],"1":[0,0],"2":[0,0],"3":[0,0]},"meta":{"lastBranch":4,"lastFunction":5,"lastStatement":22,"seen":{"s:6:26:6:Infinity":0,"f:9:8:9:20":0,"s:11:37:11:Infinity":1,"b:14:4:19:Infinity:undefined:undefined:undefined:undefined":0,"s:14:4:19:Infinity":2,"s:15:19:15:Infinity":3,"b:15:19:15:53:15:53:15:Infinity":1,"s:16:20:16:Infinity":4,"b:16:20:16:54:16:54:16:Infinity":2,"s:17:30:17:Infinity":5,"s:18:6:18:Infinity":6,"s:22:23:22:Infinity":7,"s:23:4:23:Infinity":8,"f:26:8:26:19":1,"s:27:19:27:Infinity":9,"s:28:22:28:Infinity":10,"b:30:4:32:Infinity:undefined:undefined:undefined:undefined":3,"s:30:4:32:Infinity":11,"s:31:6:31:Infinity":12,"s:34:4:34:Infinity":13,"f:37:8:37:14":2,"s:38:26:38:Infinity":14,"s:39:4:39:Infinity":15,"f:42:8:42:18":3,"s:43:19:43:Infinity":16,"s:44:32:44:Infinity":17,"s:45:4:45:Infinity":18,"f:48:8:48:16":4,"s:49:19:49:Infinity":19,"s:50:4:50:Infinity":20,"s:51:4:51:Infinity":21}}}
,"D:\\Pessoal\\Projetos\\project-paodoceu\\backend\\src\\controllers\\pedidosController.ts": {"path":"D:\\Pessoal\\Projetos\\project-paodoceu\\backend\\src\\controllers\\pedidosController.ts","statementMap":{"0":{"start":{"line":8,"column":23},"end":{"line":8,"column":null}},"1":{"start":{"line":13,"column":45},"end":{"line":13,"column":null}},"2":{"start":{"line":15,"column":4},"end":{"line":17,"column":null}},"3":{"start":{"line":16,"column":8},"end":{"line":16,"column":null}},"4":{"start":{"line":18,"column":24},"end":{"line":18,"column":null}},"5":{"start":{"line":19,"column":23},"end":{"line":19,"column":null}},"6":{"start":{"line":20,"column":4},"end":{"line":20,"column":null}},"7":{"start":{"line":24,"column":20},"end":{"line":24,"column":null}},"8":{"start":{"line":25,"column":4},"end":{"line":25,"column":null}},"9":{"start":{"line":29,"column":20},"end":{"line":29,"column":null}},"10":{"start":{"line":30,"column":4},"end":{"line":30,"column":null}},"11":{"start":{"line":34,"column":19},"end":{"line":34,"column":null}},"12":{"start":{"line":35,"column":19},"end":{"line":35,"column":null}},"13":{"start":{"line":37,"column":4},"end":{"line":39,"column":null}},"14":{"start":{"line":38,"column":6},"end":{"line":38,"column":null}},"15":{"start":{"line":40,"column":4},"end":{"line":40,"column":null}},"16":{"start":{"line":44,"column":19},"end":{"line":44,"column":null}},"17":{"start":{"line":46,"column":25},"end":{"line":46,"column":null}},"18":{"start":{"line":47,"column":23},"end":{"line":47,"column":null}},"19":{"start":{"line":48,"column":4},"end":{"line":48,"column":null}},"20":{"start":{"line":52,"column":19},"end":{"line":52,"column":null}},"21":{"start":{"line":53,"column":27},"end":{"line":53,"column":null}},"22":{"start":{"line":54,"column":4},"end":{"line":54,"column":null}},"23":{"start":{"line":58,"column":19},"end":{"line":58,"column":null}},"24":{"start":{"line":59,"column":28},"end":{"line":59,"column":null}},"25":{"start":{"line":60,"column":4},"end":{"line":60,"column":null}},"26":{"start":{"line":65,"column":24},"end":{"line":65,"column":null}},"27":{"start":{"line":66,"column":4},"end":{"line":66,"column":null}}},"fnMap":{"0":{"name":"(anonymous_0)","decl":{"start":{"line":12,"column":8},"end":{"line":12,"column":14}},"loc":{"start":{"line":12,"column":43},"end":{"line":21,"column":null}},"line":12},"1":{"name":"(anonymous_1)","decl":{"start":{"line":23,"column":8},"end":{"line":23,"column":20}},"loc":{"start":{"line":23,"column":49},"end":{"line":26,"column":null}},"line":23},"2":{"name":"(anonymous_2)","decl":{"start":{"line":28,"column":8},"end":{"line":28,"column":29}},"loc":{"start":{"line":28,"column":58},"end":{"line":31,"column":null}},"line":28},"3":{"name":"(anonymous_3)","decl":{"start":{"line":33,"column":8},"end":{"line":33,"column":19}},"loc":{"start":{"line":33,"column":48},"end":{"line":41,"column":null}},"line":33},"4":{"name":"(anonymous_4)","decl":{"start":{"line":43,"column":8},"end":{"line":43,"column":27}},"loc":{"start":{"line":43,"column":56},"end":{"line":49,"column":null}},"line":43},"5":{"name":"(anonymous_5)","decl":{"start":{"line":51,"column":8},"end":{"line":51,"column":27}},"loc":{"start":{"line":51,"column":56},"end":{"line":55,"column":null}},"line":51},"6":{"name":"(anonymous_6)","decl":{"start":{"line":57,"column":8},"end":{"line":57,"column":17}},"loc":{"start":{"line":57,"column":46},"end":{"line":61,"column":null}},"line":57},"7":{"name":"(anonymous_7)","decl":{"start":{"line":64,"column":8},"end":{"line":64,"column":22}},"loc":{"start":{"line":64,"column":51},"end":{"line":67,"column":null}},"line":64}},"branchMap":{"0":{"loc":{"start":{"line":15,"column":4},"end":{"line":17,"column":null}},"type":"if","locations":[{"start":{"line":15,"column":4},"end":{"line":17,"column":null}},{"start":{},"end":{}}],"line":15},"1":{"loc":{"start":{"line":37,"column":4},"end":{"line":39,"column":null}},"type":"if","locations":[{"start":{"line":37,"column":4},"end":{"line":39,"column":null}},{"start":{},"end":{}}],"line":37}},"s":{"0":0,"1":0,"2":0,"3":0,"4":0,"5":0,"6":0,"7":0,"8":0,"9":0,"10":0,"11":0,"12":0,"13":0,"14":0,"15":0,"16":0,"17":0,"18":0,"19":0,"20":0,"21":0,"22":0,"23":0,"24":0,"25":0,"26":0,"27":0},"f":{"0":0,"1":0,"2":0,"3":0,"4":0,"5":0,"6":0,"7":0},"b":{"0":[0,0],"1":[0,0]},"meta":{"lastBranch":2,"lastFunction":8,"lastStatement":28,"seen":{"s:8:23:8:Infinity":0,"f:12:8:12:14":0,"s:13:45:13:Infinity":1,"b:15:4:17:Infinity:undefined:undefined:undefined:undefined":0,"s:15:4:17:Infinity":2,"s:16:8:16:Infinity":3,"s:18:24:18:Infinity":4,"s:19:23:19:Infinity":5,"s:20:4:20:Infinity":6,"f:23:8:23:20":1,"s:24:20:24:Infinity":7,"s:25:4:25:Infinity":8,"f:28:8:28:29":2,"s:29:20:29:Infinity":9,"s:30:4:30:Infinity":10,"f:33:8:33:19":3,"s:34:19:34:Infinity":11,"s:35:19:35:Infinity":12,"b:37:4:39:Infinity:undefined:undefined:undefined:undefined":1,"s:37:4:39:Infinity":13,"s:38:6:38:Infinity":14,"s:40:4:40:Infinity":15,"f:43:8:43:27":4,"s:44:19:44:Infinity":16,"s:46:25:46:Infinity":17,"s:47:23:47:Infinity":18,"s:48:4:48:Infinity":19,"f:51:8:51:27":5,"s:52:19:52:Infinity":20,"s:53:27:53:Infinity":21,"s:54:4:54:Infinity":22,"f:57:8:57:17":6,"s:58:19:58:Infinity":23,"s:59:28:59:Infinity":24,"s:60:4:60:Infinity":25,"f:64:8:64:22":7,"s:65:24:65:Infinity":26,"s:66:4:66:Infinity":27}}}
,"D:\\Pessoal\\Projetos\\project-paodoceu\\backend\\src\\controllers\\produtosController.ts": {"path":"D:\\Pessoal\\Projetos\\project-paodoceu\\backend\\src\\controllers\\produtosController.ts","statementMap":{"0":{"start":{"line":6,"column":24},"end":{"line":6,"column":null}},"1":{"start":{"line":11,"column":17},"end":{"line":11,"column":null}},"2":{"start":{"line":12,"column":18},"end":{"line":12,"column":null}},"3":{"start":{"line":13,"column":22},"end":{"line":13,"column":null}},"4":{"start":{"line":16,"column":30},"end":{"line":16,"column":null}},"5":{"start":{"line":17,"column":4},"end":{"line":17,"column":null}},"6":{"start":{"line":21,"column":19},"end":{"line":21,"column":null}},"7":{"start":{"line":23,"column":20},"end":{"line":23,"column":null}},"8":{"start":{"line":24,"column":4},"end":{"line":24,"column":null}},"9":{"start":{"line":29,"column":47},"end":{"line":29,"column":null}},"10":{"start":{"line":34,"column":24},"end":{"line":34,"column":null}},"11":{"start":{"line":37,"column":28},"end":{"line":37,"column":null}},"12":{"start":{"line":38,"column":4},"end":{"line":38,"column":null}},"13":{"start":{"line":42,"column":19},"end":{"line":42,"column":null}},"14":{"start":{"line":45,"column":47},"end":{"line":45,"column":null}},"15":{"start":{"line":47,"column":30},"end":{"line":47,"column":null}},"16":{"start":{"line":50,"column":28},"end":{"line":50,"column":null}},"17":{"start":{"line":51,"column":4},"end":{"line":51,"column":null}},"18":{"start":{"line":55,"column":19},"end":{"line":55,"column":null}},"19":{"start":{"line":56,"column":27},"end":{"line":56,"column":null}},"20":{"start":{"line":59,"column":30},"end":{"line":59,"column":null}},"21":{"start":{"line":62,"column":28},"end":{"line":62,"column":null}},"22":{"start":{"line":63,"column":4},"end":{"line":63,"column":null}},"23":{"start":{"line":67,"column":19},"end":{"line":67,"column":null}},"24":{"start":{"line":69,"column":4},"end":{"line":69,"column":null}},"25":{"start":{"line":70,"column":4},"end":{"line":70,"column":null}}},"fnMap":{"0":{"name":"(anonymous_0)","decl":{"start":{"line":10,"column":8},"end":{"line":10,"column":15}},"loc":{"start":{"line":10,"column":44},"end":{"line":18,"column":null}},"line":10},"1":{"name":"(anonymous_1)","decl":{"start":{"line":20,"column":8},"end":{"line":20,"column":14}},"loc":{"start":{"line":20,"column":43},"end":{"line":25,"column":null}},"line":20},"2":{"name":"(anonymous_2)","decl":{"start":{"line":27,"column":8},"end":{"line":27,"column":14}},"loc":{"start":{"line":27,"column":43},"end":{"line":39,"column":null}},"line":27},"3":{"name":"(anonymous_3)","decl":{"start":{"line":41,"column":8},"end":{"line":41,"column":18}},"loc":{"start":{"line":41,"column":47},"end":{"line":52,"column":null}},"line":41},"4":{"name":"(anonymous_4)","decl":{"start":{"line":54,"column":8},"end":{"line":54,"column":23}},"loc":{"start":{"line":54,"column":52},"end":{"line":64,"column":null}},"line":54},"5":{"name":"(anonymous_5)","decl":{"start":{"line":66,"column":8},"end":{"line":66,"column":16}},"loc":{"start":{"line":66,"column":45},"end":{"line":71,"column":null}},"line":66}},"branchMap":{"0":{"loc":{"start":{"line":11,"column":17},"end":{"line":11,"column":null}},"type":"binary-expr","locations":[{"start":{"line":11,"column":17},"end":{"line":11,"column":45}},{"start":{"line":11,"column":45},"end":{"line":11,"column":null}}],"line":11},"1":{"loc":{"start":{"line":12,"column":18},"end":{"line":12,"column":null}},"type":"binary-expr","locations":[{"start":{"line":12,"column":18},"end":{"line":12,"column":46}},{"start":{"line":12,"column":46},"end":{"line":12,"column":null}}],"line":12}},"s":{"0":0,"1":0,"2":0,"3":0,"4":0,"5":0,"6":0,"7":0,"8":0,"9":0,"10":0,"11":0,"12":0,"13":0,"14":0,"15":0,"16":0,"17":0,"18":0,"19":0,"20":0,"21":0,"22":0,"23":0,"24":0,"25":0},"f":{"0":0,"1":0,"2":0,"3":0,"4":0,"5":0},"b":{"0":[0,0],"1":[0,0]},"meta":{"lastBranch":2,"lastFunction":6,"lastStatement":26,"seen":{"s:6:24:6:Infinity":0,"f:10:8:10:15":0,"s:11:17:11:Infinity":1,"b:11:17:11:45:11:45:11:Infinity":0,"s:12:18:12:Infinity":2,"b:12:18:12:46:12:46:12:Infinity":1,"s:13:22:13:Infinity":3,"s:16:30:16:Infinity":4,"s:17:4:17:Infinity":5,"f:20:8:20:14":1,"s:21:19:21:Infinity":6,"s:23:20:23:Infinity":7,"s:24:4:24:Infinity":8,"f:27:8:27:14":2,"s:29:47:29:Infinity":9,"s:34:24:34:Infinity":10,"s:37:28:37:Infinity":11,"s:38:4:38:Infinity":12,"f:41:8:41:18":3,"s:42:19:42:Infinity":13,"s:45:47:45:Infinity":14,"s:47:30:47:Infinity":15,"s:50:28:50:Infinity":16,"s:51:4:51:Infinity":17,"f:54:8:54:23":4,"s:55:19:55:Infinity":18,"s:56:27:56:Infinity":19,"s:59:30:59:Infinity":20,"s:62:28:62:Infinity":21,"s:63:4:63:Infinity":22,"f:66:8:66:16":5,"s:67:19:67:Infinity":23,"s:69:4:69:Infinity":24,"s:70:4:70:Infinity":25}}}
,"D:\\Pessoal\\Projetos\\project-paodoceu\\backend\\src\\controllers\\relatoriosController.ts": {"path":"D:\\Pessoal\\Projetos\\project-paodoceu\\backend\\src\\controllers\\relatoriosController.ts","statementMap":{"0":{"start":{"line":6,"column":26},"end":{"line":6,"column":null}},"1":{"start":{"line":7,"column":25},"end":{"line":7,"column":null}},"2":{"start":{"line":11,"column":19},"end":{"line":11,"column":null}},"3":{"start":{"line":12,"column":29},"end":{"line":12,"column":null}},"4":{"start":{"line":13,"column":4},"end":{"line":13,"column":null}},"5":{"start":{"line":18,"column":52},"end":{"line":18,"column":null}},"6":{"start":{"line":20,"column":4},"end":{"line":22,"column":null}},"7":{"start":{"line":21,"column":6},"end":{"line":21,"column":null}},"8":{"start":{"line":24,"column":23},"end":{"line":24,"column":null}},"9":{"start":{"line":25,"column":20},"end":{"line":25,"column":null}},"10":{"start":{"line":27,"column":22},"end":{"line":27,"column":null}},"11":{"start":{"line":30,"column":4},"end":{"line":32,"column":null}},"12":{"start":{"line":31,"column":9},"end":{"line":31,"column":null}},"13":{"start":{"line":33,"column":5},"end":{"line":35,"column":null}},"14":{"start":{"line":34,"column":9},"end":{"line":34,"column":null}},"15":{"start":{"line":38,"column":22},"end":{"line":43,"column":null}},"16":{"start":{"line":45,"column":4},"end":{"line":45,"column":null}}},"fnMap":{"0":{"name":"(anonymous_0)","decl":{"start":{"line":10,"column":8},"end":{"line":10,"column":25}},"loc":{"start":{"line":10,"column":54},"end":{"line":14,"column":null}},"line":10},"1":{"name":"(anonymous_1)","decl":{"start":{"line":16,"column":8},"end":{"line":16,"column":26}},"loc":{"start":{"line":16,"column":55},"end":{"line":46,"column":null}},"line":16}},"branchMap":{"0":{"loc":{"start":{"line":20,"column":4},"end":{"line":22,"column":null}},"type":"if","locations":[{"start":{"line":20,"column":4},"end":{"line":22,"column":null}},{"start":{},"end":{}}],"line":20},"1":{"loc":{"start":{"line":20,"column":8},"end":{"line":20,"column":43}},"type":"binary-expr","locations":[{"start":{"line":20,"column":8},"end":{"line":20,"column":17}},{"start":{"line":20,"column":17},"end":{"line":20,"column":43}}],"line":20},"2":{"loc":{"start":{"line":24,"column":23},"end":{"line":24,"column":null}},"type":"cond-expr","locations":[{"start":{"line":24,"column":37},"end":{"line":24,"column":71}},{"start":{"line":24,"column":71},"end":{"line":24,"column":null}}],"line":24},"3":{"loc":{"start":{"line":25,"column":20},"end":{"line":25,"column":null}},"type":"cond-expr","locations":[{"start":{"line":25,"column":31},"end":{"line":25,"column":62}},{"start":{"line":25,"column":62},"end":{"line":25,"column":null}}],"line":25},"4":{"loc":{"start":{"line":27,"column":22},"end":{"line":27,"column":null}},"type":"cond-expr","locations":[{"start":{"line":27,"column":31},"end":{"line":27,"column":64}},{"start":{"line":27,"column":64},"end":{"line":27,"column":null}}],"line":27},"5":{"loc":{"start":{"line":30,"column":4},"end":{"line":32,"column":null}},"type":"if","locations":[{"start":{"line":30,"column":4},"end":{"line":32,"column":null}},{"start":{},"end":{}}],"line":30},"6":{"loc":{"start":{"line":30,"column":8},"end":{"line":30,"column":51}},"type":"binary-expr","locations":[{"start":{"line":30,"column":8},"end":{"line":30,"column":22}},{"start":{"line":30,"column":22},"end":{"line":30,"column":51}}],"line":30},"7":{"loc":{"start":{"line":33,"column":5},"end":{"line":35,"column":null}},"type":"if","locations":[{"start":{"line":33,"column":5},"end":{"line":35,"column":null}},{"start":{},"end":{}}],"line":33},"8":{"loc":{"start":{"line":33,"column":9},"end":{"line":33,"column":46}},"type":"binary-expr","locations":[{"start":{"line":33,"column":9},"end":{"line":33,"column":20}},{"start":{"line":33,"column":20},"end":{"line":33,"column":46}}],"line":33}},"s":{"0":0,"1":0,"2":0,"3":0,"4":0,"5":0,"6":0,"7":0,"8":0,"9":0,"10":0,"11":0,"12":0,"13":0,"14":0,"15":0,"16":0},"f":{"0":0,"1":0},"b":{"0":[0,0],"1":[0,0],"2":[0,0],"3":[0,0],"4":[0,0],"5":[0,0],"6":[0,0],"7":[0,0],"8":[0,0]},"meta":{"lastBranch":9,"lastFunction":2,"lastStatement":17,"seen":{"s:6:26:6:Infinity":0,"s:7:25:7:Infinity":1,"f:10:8:10:25":0,"s:11:19:11:Infinity":2,"s:12:29:12:Infinity":3,"s:13:4:13:Infinity":4,"f:16:8:16:26":1,"s:18:52:18:Infinity":5,"b:20:4:22:Infinity:undefined:undefined:undefined:undefined":0,"s:20:4:22:Infinity":6,"b:20:8:20:17:20:17:20:43":1,"s:21:6:21:Infinity":7,"s:24:23:24:Infinity":8,"b:24:37:24:71:24:71:24:Infinity":2,"s:25:20:25:Infinity":9,"b:25:31:25:62:25:62:25:Infinity":3,"s:27:22:27:Infinity":10,"b:27:31:27:64:27:64:27:Infinity":4,"b:30:4:32:Infinity:undefined:undefined:undefined:undefined":5,"s:30:4:32:Infinity":11,"b:30:8:30:22:30:22:30:51":6,"s:31:9:31:Infinity":12,"b:33:5:35:Infinity:undefined:undefined:undefined:undefined":7,"s:33:5:35:Infinity":13,"b:33:9:33:20:33:20:33:46":8,"s:34:9:34:Infinity":14,"s:38:22:43:Infinity":15,"s:45:4:45:Infinity":16}}}
,"D:\\Pessoal\\Projetos\\project-paodoceu\\backend\\src\\controllers\\usuariosController.ts": {"path":"D:\\Pessoal\\Projetos\\project-paodoceu\\backend\\src\\controllers\\usuariosController.ts","statementMap":{"0":{"start":{"line":6,"column":24},"end":{"line":6,"column":null}},"1":{"start":{"line":11,"column":37},"end":{"line":11,"column":null}},"2":{"start":{"line":14,"column":17},"end":{"line":14,"column":null}},"3":{"start":{"line":15,"column":18},"end":{"line":15,"column":null}},"4":{"start":{"line":16,"column":22},"end":{"line":16,"column":null}},"5":{"start":{"line":18,"column":30},"end":{"line":18,"column":null}},"6":{"start":{"line":19,"column":4},"end":{"line":19,"column":null}},"7":{"start":{"line":23,"column":19},"end":{"line":23,"column":null}},"8":{"start":{"line":24,"column":20},"end":{"line":24,"column":null}},"9":{"start":{"line":25,"column":4},"end":{"line":27,"column":null}},"10":{"start":{"line":26,"column":6},"end":{"line":26,"column":null}},"11":{"start":{"line":28,"column":4},"end":{"line":28,"column":null}},"12":{"start":{"line":32,"column":24},"end":{"line":32,"column":null}},"13":{"start":{"line":33,"column":4},"end":{"line":33,"column":null}},"14":{"start":{"line":37,"column":19},"end":{"line":37,"column":null}},"15":{"start":{"line":38,"column":30},"end":{"line":38,"column":null}},"16":{"start":{"line":39,"column":4},"end":{"line":39,"column":null}},"17":{"start":{"line":43,"column":19},"end":{"line":43,"column":null}},"18":{"start":{"line":44,"column":4},"end":{"line":44,"column":null}},"19":{"start":{"line":45,"column":4},"end":{"line":45,"column":null}}},"fnMap":{"0":{"name":"(anonymous_0)","decl":{"start":{"line":9,"column":8},"end":{"line":9,"column":20}},"loc":{"start":{"line":9,"column":49},"end":{"line":20,"column":null}},"line":9},"1":{"name":"(anonymous_1)","decl":{"start":{"line":22,"column":8},"end":{"line":22,"column":19}},"loc":{"start":{"line":22,"column":48},"end":{"line":29,"column":null}},"line":22},"2":{"name":"(anonymous_2)","decl":{"start":{"line":31,"column":8},"end":{"line":31,"column":14}},"loc":{"start":{"line":31,"column":43},"end":{"line":34,"column":null}},"line":31},"3":{"name":"(anonymous_3)","decl":{"start":{"line":36,"column":8},"end":{"line":36,"column":18}},"loc":{"start":{"line":36,"column":47},"end":{"line":40,"column":null}},"line":36},"4":{"name":"(anonymous_4)","decl":{"start":{"line":42,"column":8},"end":{"line":42,"column":16}},"loc":{"start":{"line":42,"column":45},"end":{"line":46,"column":null}},"line":42}},"branchMap":{"0":{"loc":{"start":{"line":14,"column":17},"end":{"line":14,"column":null}},"type":"binary-expr","locations":[{"start":{"line":14,"column":17},"end":{"line":14,"column":51}},{"start":{"line":14,"column":51},"end":{"line":14,"column":null}}],"line":14},"1":{"loc":{"start":{"line":15,"column":18},"end":{"line":15,"column":null}},"type":"binary-expr","locations":[{"start":{"line":15,"column":18},"end":{"line":15,"column":52}},{"start":{"line":15,"column":52},"end":{"line":15,"column":null}}],"line":15},"2":{"loc":{"start":{"line":25,"column":4},"end":{"line":27,"column":null}},"type":"if","locations":[{"start":{"line":25,"column":4},"end":{"line":27,"column":null}},{"start":{},"end":{}}],"line":25}},"s":{"0":0,"1":0,"2":0,"3":0,"4":0,"5":0,"6":0,"7":0,"8":0,"9":0,"10":0,"11":0,"12":0,"13":0,"14":0,"15":0,"16":0,"17":0,"18":0,"19":0},"f":{"0":0,"1":0,"2":0,"3":0,"4":0},"b":{"0":[0,0],"1":[0,0],"2":[0,0]},"meta":{"lastBranch":3,"lastFunction":5,"lastStatement":20,"seen":{"s:6:24:6:Infinity":0,"f:9:8:9:20":0,"s:11:37:11:Infinity":1,"s:14:17:14:Infinity":2,"b:14:17:14:51:14:51:14:Infinity":0,"s:15:18:15:Infinity":3,"b:15:18:15:52:15:52:15:Infinity":1,"s:16:22:16:Infinity":4,"s:18:30:18:Infinity":5,"s:19:4:19:Infinity":6,"f:22:8:22:19":1,"s:23:19:23:Infinity":7,"s:24:20:24:Infinity":8,"b:25:4:27:Infinity:undefined:undefined:undefined:undefined":2,"s:25:4:27:Infinity":9,"s:26:6:26:Infinity":10,"s:28:4:28:Infinity":11,"f:31:8:31:14":2,"s:32:24:32:Infinity":12,"s:33:4:33:Infinity":13,"f:36:8:36:18":3,"s:37:19:37:Infinity":14,"s:38:30:38:Infinity":15,"s:39:4:39:Infinity":16,"f:42:8:42:16":4,"s:43:19:43:Infinity":17,"s:44:4:44:Infinity":18,"s:45:4:45:Infinity":19}}}
,"D:\\Pessoal\\Projetos\\project-paodoceu\\backend\\src\\middlewares\\authMiddleware.ts": {"path":"D:\\Pessoal\\Projetos\\project-paodoceu\\backend\\src\\middlewares\\authMiddleware.ts","statementMap":{"0":{"start":{"line":11,"column":30},"end":{"line":67,"column":null}},"1":{"start":{"line":17,"column":20},"end":{"line":17,"column":null}},"2":{"start":{"line":19,"column":2},"end":{"line":21,"column":null}},"3":{"start":{"line":20,"column":4},"end":{"line":20,"column":null}},"4":{"start":{"line":23,"column":2},"end":{"line":66,"column":null}},"5":{"start":{"line":25,"column":20},"end":{"line":25,"column":null}},"6":{"start":{"line":28,"column":20},"end":{"line":37,"column":null}},"7":{"start":{"line":39,"column":4},"end":{"line":41,"column":null}},"8":{"start":{"line":40,"column":6},"end":{"line":40,"column":null}},"9":{"start":{"line":43,"column":4},"end":{"line":45,"column":null}},"10":{"start":{"line":44,"column":6},"end":{"line":44,"column":null}},"11":{"start":{"line":48,"column":4},"end":{"line":48,"column":null}},"12":{"start":{"line":49,"column":4},"end":{"line":49,"column":null}},"13":{"start":{"line":52,"column":4},"end":{"line":58,"column":null}},"14":{"start":{"line":60,"column":4},"end":{"line":62,"column":null}},"15":{"start":{"line":61,"column":6},"end":{"line":61,"column":null}},"16":{"start":{"line":65,"column":4},"end":{"line":65,"column":null}}},"fnMap":{"0":{"name":"(anonymous_0)","decl":{"start":{"line":11,"column":30},"end":{"line":11,"column":null}},"loc":{"start":{"line":15,"column":5},"end":{"line":67,"column":null}},"line":15}},"branchMap":{"0":{"loc":{"start":{"line":19,"column":2},"end":{"line":21,"column":null}},"type":"if","locations":[{"start":{"line":19,"column":2},"end":{"line":21,"column":null}},{"start":{},"end":{}}],"line":19},"1":{"loc":{"start":{"line":39,"column":4},"end":{"line":41,"column":null}},"type":"if","locations":[{"start":{"line":39,"column":4},"end":{"line":41,"column":null}},{"start":{},"end":{}}],"line":39},"2":{"loc":{"start":{"line":43,"column":4},"end":{"line":45,"column":null}},"type":"if","locations":[{"start":{"line":43,"column":4},"end":{"line":45,"column":null}},{"start":{},"end":{}}],"line":43},"3":{"loc":{"start":{"line":60,"column":4},"end":{"line":62,"column":null}},"type":"if","locations":[{"start":{"line":60,"column":4},"end":{"line":62,"column":null}},{"start":{},"end":{}}],"line":60}},"s":{"0":0,"1":0,"2":0,"3":0,"4":0,"5":0,"6":0,"7":0,"8":0,"9":0,"10":0,"11":0,"12":0,"13":0,"14":0,"15":0,"16":0},"f":{"0":0},"b":{"0":[0,0],"1":[0,0],"2":[0,0],"3":[0,0]},"meta":{"lastBranch":4,"lastFunction":1,"lastStatement":17,"seen":{"s:11:30:67:Infinity":0,"f:11:30:11:Infinity":0,"s:17:20:17:Infinity":1,"b:19:2:21:Infinity:undefined:undefined:undefined:undefined":0,"s:19:2:21:Infinity":2,"s:20:4:20:Infinity":3,"s:23:2:66:Infinity":4,"s:25:20:25:Infinity":5,"s:28:20:37:Infinity":6,"b:39:4:41:Infinity:undefined:undefined:undefined:undefined":1,"s:39:4:41:Infinity":7,"s:40:6:40:Infinity":8,"b:43:4:45:Infinity:undefined:undefined:undefined:undefined":2,"s:43:4:45:Infinity":9,"s:44:6:44:Infinity":10,"s:48:4:48:Infinity":11,"s:49:4:49:Infinity":12,"s:52:4:58:Infinity":13,"b:60:4:62:Infinity:undefined:undefined:undefined:undefined":3,"s:60:4:62:Infinity":14,"s:61:6:61:Infinity":15,"s:65:4:65:Infinity":16}}}
,"D:\\Pessoal\\Projetos\\project-paodoceu\\backend\\src\\middlewares\\csrfMiddleware.ts": {"path":"D:\\Pessoal\\Projetos\\project-paodoceu\\backend\\src\\middlewares\\csrfMiddleware.ts","statementMap":{"0":{"start":{"line":11,"column":30},"end":{"line":39,"column":null}},"1":{"start":{"line":17,"column":2},"end":{"line":19,"column":null}},"2":{"start":{"line":18,"column":4},"end":{"line":18,"column":null}},"3":{"start":{"line":21,"column":26},"end":{"line":21,"column":null}},"4":{"start":{"line":22,"column":26},"end":{"line":22,"column":null}},"5":{"start":{"line":24,"column":2},"end":{"line":29,"column":null}},"6":{"start":{"line":25,"column":4},"end":{"line":28,"column":null}},"7":{"start":{"line":31,"column":2},"end":{"line":36,"column":null}},"8":{"start":{"line":32,"column":4},"end":{"line":35,"column":null}},"9":{"start":{"line":38,"column":2},"end":{"line":38,"column":null}}},"fnMap":{"0":{"name":"(anonymous_0)","decl":{"start":{"line":11,"column":30},"end":{"line":11,"column":null}},"loc":{"start":{"line":15,"column":5},"end":{"line":39,"column":null}},"line":15}},"branchMap":{"0":{"loc":{"start":{"line":17,"column":2},"end":{"line":19,"column":null}},"type":"if","locations":[{"start":{"line":17,"column":2},"end":{"line":19,"column":null}},{"start":{},"end":{}}],"line":17},"1":{"loc":{"start":{"line":24,"column":2},"end":{"line":29,"column":null}},"type":"if","locations":[{"start":{"line":24,"column":2},"end":{"line":29,"column":null}},{"start":{},"end":{}}],"line":24},"2":{"loc":{"start":{"line":24,"column":6},"end":{"line":24,"column":44}},"type":"binary-expr","locations":[{"start":{"line":24,"column":6},"end":{"line":24,"column":26}},{"start":{"line":24,"column":26},"end":{"line":24,"column":44}}],"line":24},"3":{"loc":{"start":{"line":31,"column":2},"end":{"line":36,"column":null}},"type":"if","locations":[{"start":{"line":31,"column":2},"end":{"line":36,"column":null}},{"start":{},"end":{}}],"line":31}},"s":{"0":0,"1":0,"2":0,"3":0,"4":0,"5":0,"6":0,"7":0,"8":0,"9":0},"f":{"0":0},"b":{"0":[0,0],"1":[0,0],"2":[0,0],"3":[0,0]},"meta":{"lastBranch":4,"lastFunction":1,"lastStatement":10,"seen":{"s:11:30:39:Infinity":0,"f:11:30:11:Infinity":0,"b:17:2:19:Infinity:undefined:undefined:undefined:undefined":0,"s:17:2:19:Infinity":1,"s:18:4:18:Infinity":2,"s:21:26:21:Infinity":3,"s:22:26:22:Infinity":4,"b:24:2:29:Infinity:undefined:undefined:undefined:undefined":1,"s:24:2:29:Infinity":5,"b:24:6:24:26:24:26:24:44":2,"s:25:4:28:Infinity":6,"b:31:2:36:Infinity:undefined:undefined:undefined:undefined":3,"s:31:2:36:Infinity":7,"s:32:4:35:Infinity":8,"s:38:2:38:Infinity":9}}}
,"D:\\Pessoal\\Projetos\\project-paodoceu\\backend\\src\\middlewares\\errorMiddleware.ts": {"path":"D:\\Pessoal\\Projetos\\project-paodoceu\\backend\\src\\middlewares\\errorMiddleware.ts","statementMap":{"0":{"start":{"line":9,"column":4},"end":{"line":9,"column":null}},"1":{"start":{"line":10,"column":4},"end":{"line":10,"column":null}},"2":{"start":{"line":14,"column":31},"end":{"line":50,"column":null}},"3":{"start":{"line":21,"column":20},"end":{"line":32,"column":null}},"4":{"start":{"line":34,"column":2},"end":{"line":37,"column":null}},"5":{"start":{"line":35,"column":4},"end":{"line":35,"column":null}},"6":{"start":{"line":36,"column":4},"end":{"line":36,"column":null}},"7":{"start":{"line":39,"column":2},"end":{"line":45,"column":null}},"8":{"start":{"line":40,"column":4},"end":{"line":40,"column":null}},"9":{"start":{"line":41,"column":4},"end":{"line":44,"column":null}},"10":{"start":{"line":48,"column":2},"end":{"line":48,"column":null}},"11":{"start":{"line":49,"column":2},"end":{"line":49,"column":null}}},"fnMap":{"0":{"name":"(anonymous_0)","decl":{"start":{"line":8,"column":2},"end":{"line":8,"column":14}},"loc":{"start":{"line":8,"column":49},"end":{"line":11,"column":null}},"line":8},"1":{"name":"(anonymous_1)","decl":{"start":{"line":14,"column":31},"end":{"line":14,"column":null}},"loc":{"start":{"line":19,"column":5},"end":{"line":50,"column":null}},"line":19}},"branchMap":{"0":{"loc":{"start":{"line":8,"column":31},"end":{"line":8,"column":49}},"type":"default-arg","locations":[{"start":{"line":8,"column":44},"end":{"line":8,"column":49}}],"line":8},"1":{"loc":{"start":{"line":25,"column":17},"end":{"line":25,"column":null}},"type":"cond-expr","locations":[{"start":{"line":25,"column":46},"end":{"line":25,"column":66}},{"start":{"line":25,"column":66},"end":{"line":25,"column":null}}],"line":25},"2":{"loc":{"start":{"line":25,"column":66},"end":{"line":25,"column":null}},"type":"cond-expr","locations":[{"start":{"line":25,"column":94},"end":{"line":25,"column":100}},{"start":{"line":25,"column":100},"end":{"line":25,"column":null}}],"line":25},"3":{"loc":{"start":{"line":30,"column":10},"end":{"line":30,"column":null}},"type":"binary-expr","locations":[{"start":{"line":30,"column":10},"end":{"line":30,"column":39}},{"start":{"line":30,"column":39},"end":{"line":30,"column":null}}],"line":30},"4":{"loc":{"start":{"line":34,"column":2},"end":{"line":37,"column":null}},"type":"if","locations":[{"start":{"line":34,"column":2},"end":{"line":37,"column":null}},{"start":{},"end":{}}],"line":34},"5":{"loc":{"start":{"line":39,"column":2},"end":{"line":45,"column":null}},"type":"if","locations":[{"start":{"line":39,"column":2},"end":{"line":45,"column":null}},{"start":{},"end":{}}],"line":39}},"s":{"0":0,"1":0,"2":0,"3":0,"4":0,"5":0,"6":0,"7":0,"8":0,"9":0,"10":0,"11":0},"f":{"0":0,"1":0},"b":{"0":[0],"1":[0,0],"2":[0,0],"3":[0,0],"4":[0,0],"5":[0,0]},"meta":{"lastBranch":6,"lastFunction":2,"lastStatement":12,"seen":{"f:8:2:8:14":0,"b:8:44:8:49":0,"s:9:4:9:Infinity":0,"s:10:4:10:Infinity":1,"s:14:31:50:Infinity":2,"f:14:31:14:Infinity":1,"s:21:20:32:Infinity":3,"b:25:46:25:66:25:66:25:Infinity":1,"b:25:94:25:100:25:100:25:Infinity":2,"b:30:10:30:39:30:39:30:Infinity":3,"b:34:2:37:Infinity:undefined:undefined:undefined:undefined":4,"s:34:2:37:Infinity":4,"s:35:4:35:Infinity":5,"s:36:4:36:Infinity":6,"b:39:2:45:Infinity:undefined:undefined:undefined:undefined":5,"s:39:2:45:Infinity":7,"s:40:4:40:Infinity":8,"s:41:4:44:Infinity":9,"s:48:2:48:Infinity":10,"s:49:2:49:Infinity":11}}}
,"D:\\Pessoal\\Projetos\\project-paodoceu\\backend\\src\\middlewares\\roleMiddleware.ts": {"path":"D:\\Pessoal\\Projetos\\project-paodoceu\\backend\\src\\middlewares\\roleMiddleware.ts","statementMap":{"0":{"start":{"line":4,"column":30},"end":{"line":15,"column":null}},"1":{"start":{"line":5,"column":2},"end":{"line":14,"column":null}},"2":{"start":{"line":6,"column":20},"end":{"line":6,"column":null}},"3":{"start":{"line":8,"column":4},"end":{"line":12,"column":null}},"4":{"start":{"line":9,"column":6},"end":{"line":11,"column":null}},"5":{"start":{"line":13,"column":4},"end":{"line":13,"column":null}}},"fnMap":{"0":{"name":"(anonymous_0)","decl":{"start":{"line":4,"column":30},"end":{"line":4,"column":31}},"loc":{"start":{"line":4,"column":69},"end":{"line":15,"column":null}},"line":4},"1":{"name":"(anonymous_1)","decl":{"start":{"line":5,"column":9},"end":{"line":5,"column":10}},"loc":{"start":{"line":5,"column":62},"end":{"line":14,"column":null}},"line":5}},"branchMap":{"0":{"loc":{"start":{"line":8,"column":4},"end":{"line":12,"column":null}},"type":"if","locations":[{"start":{"line":8,"column":4},"end":{"line":12,"column":null}},{"start":{},"end":{}}],"line":8},"1":{"loc":{"start":{"line":8,"column":8},"end":{"line":8,"column":64}},"type":"binary-expr","locations":[{"start":{"line":8,"column":8},"end":{"line":8,"column":20}},{"start":{"line":8,"column":20},"end":{"line":8,"column":64}}],"line":8}},"s":{"0":0,"1":0,"2":0,"3":0,"4":0,"5":0},"f":{"0":0,"1":0},"b":{"0":[0,0],"1":[0,0]},"meta":{"lastBranch":2,"lastFunction":2,"lastStatement":6,"seen":{"s:4:30:15:Infinity":0,"f:4:30:4:31":0,"s:5:2:14:Infinity":1,"f:5:9:5:10":1,"s:6:20:6:Infinity":2,"b:8:4:12:Infinity:undefined:undefined:undefined:undefined":0,"s:8:4:12:Infinity":3,"b:8:8:8:20:8:20:8:64":1,"s:9:6:11:Infinity":4,"s:13:4:13:Infinity":5}}}
,"D:\\Pessoal\\Projetos\\project-paodoceu\\backend\\src\\middlewares\\validateMiddleware.ts": {"path":"D:\\Pessoal\\Projetos\\project-paodoceu\\backend\\src\\middlewares\\validateMiddleware.ts","statementMap":{"0":{"start":{"line":4,"column":24},"end":{"line":12,"column":null}},"1":{"start":{"line":5,"column":2},"end":{"line":12,"column":null}},"2":{"start":{"line":6,"column":4},"end":{"line":10,"column":null}},"3":{"start":{"line":11,"column":4},"end":{"line":11,"column":null}}},"fnMap":{"0":{"name":"(anonymous_0)","decl":{"start":{"line":4,"column":24},"end":{"line":4,"column":25}},"loc":{"start":{"line":5,"column":2},"end":{"line":12,"column":null}},"line":5},"1":{"name":"(anonymous_1)","decl":{"start":{"line":5,"column":2},"end":{"line":5,"column":9}},"loc":{"start":{"line":5,"column":61},"end":{"line":12,"column":null}},"line":5}},"branchMap":{},"s":{"0":0,"1":0,"2":0,"3":0},"f":{"0":0,"1":0},"b":{},"meta":{"lastBranch":0,"lastFunction":2,"lastStatement":4,"seen":{"s:4:24:12:Infinity":0,"f:4:24:4:25":0,"s:5:2:12:Infinity":1,"f:5:2:5:9":1,"s:6:4:10:Infinity":2,"s:11:4:11:Infinity":3}}}
,"D:\\Pessoal\\Projetos\\project-paodoceu\\backend\\src\\services\\authService.ts": {"path":"D:\\Pessoal\\Projetos\\project-paodoceu\\backend\\src\\services\\authService.ts","statementMap":{"0":{"start":{"line":13,"column":23},"end":{"line":15,"column":null}},"1":{"start":{"line":16,"column":4},"end":{"line":16,"column":null}},"2":{"start":{"line":23,"column":29},"end":{"line":23,"column":null}},"3":{"start":{"line":25,"column":20},"end":{"line":25,"column":null}},"4":{"start":{"line":26,"column":4},"end":{"line":29,"column":null}},"5":{"start":{"line":27,"column":6},"end":{"line":27,"column":null}},"6":{"start":{"line":28,"column":6},"end":{"line":28,"column":null}},"7":{"start":{"line":31,"column":25},"end":{"line":31,"column":null}},"8":{"start":{"line":32,"column":4},"end":{"line":35,"column":null}},"9":{"start":{"line":33,"column":6},"end":{"line":33,"column":null}},"10":{"start":{"line":34,"column":6},"end":{"line":34,"column":null}},"11":{"start":{"line":37,"column":4},"end":{"line":40,"column":null}},"12":{"start":{"line":38,"column":6},"end":{"line":38,"column":null}},"13":{"start":{"line":39,"column":6},"end":{"line":39,"column":null}},"14":{"start":{"line":42,"column":18},"end":{"line":44,"column":null}},"15":{"start":{"line":47,"column":45},"end":{"line":47,"column":null}},"16":{"start":{"line":48,"column":4},"end":{"line":48,"column":null}},"17":{"start":{"line":54,"column":35},"end":{"line":54,"column":null}},"18":{"start":{"line":56,"column":25},"end":{"line":56,"column":null}},"19":{"start":{"line":57,"column":32},"end":{"line":57,"column":null}},"20":{"start":{"line":58,"column":16},"end":{"line":58,"column":null}},"21":{"start":{"line":60,"column":4},"end":{"line":69,"column":null}},"22":{"start":{"line":61,"column":6},"end":{"line":61,"column":null}},"23":{"start":{"line":62,"column":6},"end":{"line":62,"column":null}},"24":{"start":{"line":66,"column":6},"end":{"line":68,"column":null}},"25":{"start":{"line":67,"column":8},"end":{"line":67,"column":null}},"26":{"start":{"line":74,"column":26},"end":{"line":76,"column":null}},"27":{"start":{"line":77,"column":4},"end":{"line":79,"column":null}},"28":{"start":{"line":78,"column":6},"end":{"line":78,"column":null}},"29":{"start":{"line":81,"column":22},"end":{"line":81,"column":null}},"30":{"start":{"line":83,"column":24},"end":{"line":91,"column":null}},"31":{"start":{"line":94,"column":4},"end":{"line":96,"column":null}},"32":{"start":{"line":95,"column":7},"end":{"line":95,"column":null}},"33":{"start":{"line":99,"column":18},"end":{"line":101,"column":null}},"34":{"start":{"line":103,"column":45},"end":{"line":103,"column":null}},"35":{"start":{"line":104,"column":4},"end":{"line":104,"column":null}}},"fnMap":{"0":{"name":"(anonymous_0)","decl":{"start":{"line":12,"column":15},"end":{"line":12,"column":64}},"loc":{"start":{"line":12,"column":64},"end":{"line":17,"column":null}},"line":12},"1":{"name":"(anonymous_1)","decl":{"start":{"line":20,"column":15},"end":{"line":20,"column":null}},"loc":{"start":{"line":22,"column":46},"end":{"line":49,"column":null}},"line":22},"2":{"name":"(anonymous_2)","decl":{"start":{"line":51,"column":15},"end":{"line":51,"column":null}},"loc":{"start":{"line":53,"column":46},"end":{"line":105,"column":null}},"line":53}},"branchMap":{"0":{"loc":{"start":{"line":26,"column":4},"end":{"line":29,"column":null}},"type":"if","locations":[{"start":{"line":26,"column":4},"end":{"line":29,"column":null}},{"start":{},"end":{}}],"line":26},"1":{"loc":{"start":{"line":32,"column":4},"end":{"line":35,"column":null}},"type":"if","locations":[{"start":{"line":32,"column":4},"end":{"line":35,"column":null}},{"start":{},"end":{}}],"line":32},"2":{"loc":{"start":{"line":37,"column":4},"end":{"line":40,"column":null}},"type":"if","locations":[{"start":{"line":37,"column":4},"end":{"line":40,"column":null}},{"start":{},"end":{}}],"line":37},"3":{"loc":{"start":{"line":60,"column":4},"end":{"line":69,"column":null}},"type":"if","locations":[{"start":{"line":60,"column":4},"end":{"line":69,"column":null}},{"start":{"line":63,"column":11},"end":{"line":69,"column":null}}],"line":60},"4":{"loc":{"start":{"line":66,"column":6},"end":{"line":68,"column":null}},"type":"if","locations":[{"start":{"line":66,"column":6},"end":{"line":68,"column":null}},{"start":{},"end":{}}],"line":66},"5":{"loc":{"start":{"line":77,"column":4},"end":{"line":79,"column":null}},"type":"if","locations":[{"start":{"line":77,"column":4},"end":{"line":79,"column":null}},{"start":{},"end":{}}],"line":77},"6":{"loc":{"start":{"line":94,"column":4},"end":{"line":96,"column":null}},"type":"if","locations":[{"start":{"line":94,"column":4},"end":{"line":96,"column":null}},{"start":{},"end":{}}],"line":94}},"s":{"0":0,"1":0,"2":0,"3":0,"4":0,"5":0,"6":0,"7":0,"8":0,"9":0,"10":0,"11":0,"12":0,"13":0,"14":0,"15":0,"16":0,"17":0,"18":0,"19":0,"20":0,"21":0,"22":0,"23":0,"24":0,"25":0,"26":0,"27":0,"28":0,"29":0,"30":0,"31":0,"32":0,"33":0,"34":0,"35":0},"f":{"0":0,"1":0,"2":0},"b":{"0":[0,0],"1":[0,0],"2":[0,0],"3":[0,0],"4":[0,0],"5":[0,0],"6":[0,0]},"meta":{"lastBranch":7,"lastFunction":3,"lastStatement":36,"seen":{"f:12:15:12:64":0,"s:13:23:15:Infinity":0,"s:16:4:16:Infinity":1,"f:20:15:20:Infinity":1,"s:23:29:23:Infinity":2,"s:25:20:25:Infinity":3,"b:26:4:29:Infinity:undefined:undefined:undefined:undefined":0,"s:26:4:29:Infinity":4,"s:27:6:27:Infinity":5,"s:28:6:28:Infinity":6,"s:31:25:31:Infinity":7,"b:32:4:35:Infinity:undefined:undefined:undefined:undefined":1,"s:32:4:35:Infinity":8,"s:33:6:33:Infinity":9,"s:34:6:34:Infinity":10,"b:37:4:40:Infinity:undefined:undefined:undefined:undefined":2,"s:37:4:40:Infinity":11,"s:38:6:38:Infinity":12,"s:39:6:39:Infinity":13,"s:42:18:44:Infinity":14,"s:47:45:47:Infinity":15,"s:48:4:48:Infinity":16,"f:51:15:51:Infinity":2,"s:54:35:54:Infinity":17,"s:56:25:56:Infinity":18,"s:57:32:57:Infinity":19,"s:58:16:58:Infinity":20,"b:60:4:69:Infinity:63:11:69:Infinity":3,"s:60:4:69:Infinity":21,"s:61:6:61:Infinity":22,"s:62:6:62:Infinity":23,"b:66:6:68:Infinity:undefined:undefined:undefined:undefined":4,"s:66:6:68:Infinity":24,"s:67:8:67:Infinity":25,"s:74:26:76:Infinity":26,"b:77:4:79:Infinity:undefined:undefined:undefined:undefined":5,"s:77:4:79:Infinity":27,"s:78:6:78:Infinity":28,"s:81:22:81:Infinity":29,"s:83:24:91:Infinity":30,"b:94:4:96:Infinity:undefined:undefined:undefined:undefined":6,"s:94:4:96:Infinity":31,"s:95:7:95:Infinity":32,"s:99:18:101:Infinity":33,"s:103:45:103:Infinity":34,"s:104:4:104:Infinity":35}}}
,"D:\\Pessoal\\Projetos\\project-paodoceu\\backend\\src\\services\\categoriasService.ts": {"path":"D:\\Pessoal\\Projetos\\project-paodoceu\\backend\\src\\services\\categoriasService.ts","statementMap":{"0":{"start":{"line":24,"column":4},"end":{"line":33,"column":null}},"1":{"start":{"line":43,"column":46},"end":{"line":43,"column":null}},"2":{"start":{"line":44,"column":4},"end":{"line":49,"column":null}},"3":{"start":{"line":45,"column":6},"end":{"line":48,"column":null}},"4":{"start":{"line":51,"column":23},"end":{"line":51,"column":null}},"5":{"start":{"line":52,"column":25},"end":{"line":52,"column":null}},"6":{"start":{"line":53,"column":10},"end":{"line":53,"column":null}},"7":{"start":{"line":55,"column":17},"end":{"line":67,"column":null}},"8":{"start":{"line":69,"column":4},"end":{"line":77,"column":null}},"9":{"start":{"line":81,"column":4},"end":{"line":81,"column":null}},"10":{"start":{"line":85,"column":31},"end":{"line":87,"column":null}},"11":{"start":{"line":89,"column":4},"end":{"line":91,"column":null}},"12":{"start":{"line":90,"column":6},"end":{"line":90,"column":null}},"13":{"start":{"line":93,"column":4},"end":{"line":105,"column":null}},"14":{"start":{"line":94,"column":6},"end":{"line":94,"column":null}},"15":{"start":{"line":96,"column":8},"end":{"line":100,"column":null}},"16":{"start":{"line":101,"column":9},"end":{"line":103,"column":null}},"17":{"start":{"line":102,"column":13},"end":{"line":102,"column":null}},"18":{"start":{"line":104,"column":8},"end":{"line":104,"column":null}},"19":{"start":{"line":109,"column":22},"end":{"line":109,"column":null}},"20":{"start":{"line":110,"column":4},"end":{"line":112,"column":null}},"21":{"start":{"line":111,"column":6},"end":{"line":111,"column":null}},"22":{"start":{"line":114,"column":5},"end":{"line":124,"column":null}},"23":{"start":{"line":115,"column":30},"end":{"line":120,"column":null}},"24":{"start":{"line":121,"column":9},"end":{"line":123,"column":null}},"25":{"start":{"line":122,"column":13},"end":{"line":122,"column":null}},"26":{"start":{"line":126,"column":4},"end":{"line":137,"column":null}},"27":{"start":{"line":127,"column":8},"end":{"line":130,"column":null}},"28":{"start":{"line":132,"column":9},"end":{"line":132,"column":null}},"29":{"start":{"line":133,"column":9},"end":{"line":135,"column":null}},"30":{"start":{"line":134,"column":13},"end":{"line":134,"column":null}},"31":{"start":{"line":136,"column":9},"end":{"line":136,"column":null}},"32":{"start":{"line":141,"column":22},"end":{"line":144,"column":null}},"33":{"start":{"line":145,"column":4},"end":{"line":147,"column":null}},"34":{"start":{"line":146,"column":6},"end":{"line":146,"column":null}},"35":{"start":{"line":149,"column":4},"end":{"line":151,"column":null}},"36":{"start":{"line":150,"column":6},"end":{"line":150,"column":null}},"37":{"start":{"line":153,"column":4},"end":{"line":158,"column":null}},"38":{"start":{"line":154,"column":8},"end":{"line":154,"column":null}},"39":{"start":{"line":156,"column":9},"end":{"line":156,"column":null}},"40":{"start":{"line":157,"column":9},"end":{"line":157,"column":null}}},"fnMap":{"0":{"name":"(anonymous_0)","decl":{"start":{"line":23,"column":8},"end":{"line":23,"column":38}},"loc":{"start":{"line":23,"column":38},"end":{"line":34,"column":null}},"line":23},"1":{"name":"(anonymous_1)","decl":{"start":{"line":37,"column":8},"end":{"line":37,"column":null}},"loc":{"start":{"line":41,"column":37},"end":{"line":78,"column":null}},"line":41},"2":{"name":"(anonymous_2)","decl":{"start":{"line":80,"column":8},"end":{"line":80,"column":19}},"loc":{"start":{"line":80,"column":58},"end":{"line":82,"column":null}},"line":80},"3":{"name":"(anonymous_3)","decl":{"start":{"line":84,"column":8},"end":{"line":84,"column":14}},"loc":{"start":{"line":84,"column":60},"end":{"line":106,"column":null}},"line":84},"4":{"name":"(anonymous_4)","decl":{"start":{"line":108,"column":8},"end":{"line":108,"column":18}},"loc":{"start":{"line":108,"column":76},"end":{"line":138,"column":null}},"line":108},"5":{"name":"(anonymous_5)","decl":{"start":{"line":140,"column":8},"end":{"line":140,"column":16}},"loc":{"start":{"line":140,"column":43},"end":{"line":159,"column":null}},"line":140}},"branchMap":{"0":{"loc":{"start":{"line":44,"column":4},"end":{"line":49,"column":null}},"type":"if","locations":[{"start":{"line":44,"column":4},"end":{"line":49,"column":null}},{"start":{},"end":{}}],"line":44},"1":{"loc":{"start":{"line":89,"column":4},"end":{"line":91,"column":null}},"type":"if","locations":[{"start":{"line":89,"column":4},"end":{"line":91,"column":null}},{"start":{},"end":{}}],"line":89},"2":{"loc":{"start":{"line":101,"column":9},"end":{"line":103,"column":null}},"type":"if","locations":[{"start":{"line":101,"column":9},"end":{"line":103,"column":null}},{"start":{},"end":{}}],"line":101},"3":{"loc":{"start":{"line":101,"column":13},"end":{"line":101,"column":77}},"type":"binary-expr","locations":[{"start":{"line":101,"column":13},"end":{"line":101,"column":39}},{"start":{"line":101,"column":39},"end":{"line":101,"column":77}}],"line":101},"4":{"loc":{"start":{"line":110,"column":4},"end":{"line":112,"column":null}},"type":"if","locations":[{"start":{"line":110,"column":4},"end":{"line":112,"column":null}},{"start":{},"end":{}}],"line":110},"5":{"loc":{"start":{"line":114,"column":5},"end":{"line":124,"column":null}},"type":"if","locations":[{"start":{"line":114,"column":5},"end":{"line":124,"column":null}},{"start":{},"end":{}}],"line":114},"6":{"loc":{"start":{"line":121,"column":9},"end":{"line":123,"column":null}},"type":"if","locations":[{"start":{"line":121,"column":9},"end":{"line":123,"column":null}},{"start":{},"end":{}}],"line":121},"7":{"loc":{"start":{"line":133,"column":9},"end":{"line":135,"column":null}},"type":"if","locations":[{"start":{"line":133,"column":9},"end":{"line":135,"column":null}},{"start":{},"end":{}}],"line":133},"8":{"loc":{"start":{"line":133,"column":13},"end":{"line":133,"column":77}},"type":"binary-expr","locations":[{"start":{"line":133,"column":13},"end":{"line":133,"column":39}},{"start":{"line":133,"column":39},"end":{"line":133,"column":77}}],"line":133},"9":{"loc":{"start":{"line":145,"column":4},"end":{"line":147,"column":null}},"type":"if","locations":[{"start":{"line":145,"column":4},"end":{"line":147,"column":null}},{"start":{},"end":{}}],"line":145},"10":{"loc":{"start":{"line":149,"column":4},"end":{"line":151,"column":null}},"type":"if","locations":[{"start":{"line":149,"column":4},"end":{"line":151,"column":null}},{"start":{},"end":{}}],"line":149}},"s":{"0":0,"1":0,"2":0,"3":0,"4":0,"5":0,"6":0,"7":0,"8":0,"9":0,"10":0,"11":0,"12":0,"13":0,"14":0,"15":0,"16":0,"17":0,"18":0,"19":0,"20":0,"21":0,"22":0,"23":0,"24":0,"25":0,"26":0,"27":0,"28":0,"29":0,"30":0,"31":0,"32":0,"33":0,"34":0,"35":0,"36":0,"37":0,"38":0,"39":0,"40":0},"f":{"0":0,"1":0,"2":0,"3":0,"4":0,"5":0},"b":{"0":[0,0],"1":[0,0],"2":[0,0],"3":[0,0],"4":[0,0],"5":[0,0],"6":[0,0],"7":[0,0],"8":[0,0],"9":[0,0],"10":[0,0]},"meta":{"lastBranch":11,"lastFunction":6,"lastStatement":41,"seen":{"f:23:8:23:38":0,"s:24:4:33:Infinity":0,"f:37:8:37:Infinity":1,"s:43:46:43:Infinity":1,"b:44:4:49:Infinity:undefined:undefined:undefined:undefined":0,"s:44:4:49:Infinity":2,"s:45:6:48:Infinity":3,"s:51:23:51:Infinity":4,"s:52:25:52:Infinity":5,"s:53:10:53:Infinity":6,"s:55:17:67:Infinity":7,"s:69:4:77:Infinity":8,"f:80:8:80:19":2,"s:81:4:81:Infinity":9,"f:84:8:84:14":3,"s:85:31:87:Infinity":10,"b:89:4:91:Infinity:undefined:undefined:undefined:undefined":1,"s:89:4:91:Infinity":11,"s:90:6:90:Infinity":12,"s:93:4:105:Infinity":13,"s:94:6:94:Infinity":14,"s:96:8:100:Infinity":15,"b:101:9:103:Infinity:undefined:undefined:undefined:undefined":2,"s:101:9:103:Infinity":16,"b:101:13:101:39:101:39:101:77":3,"s:102:13:102:Infinity":17,"s:104:8:104:Infinity":18,"f:108:8:108:18":4,"s:109:22:109:Infinity":19,"b:110:4:112:Infinity:undefined:undefined:undefined:undefined":4,"s:110:4:112:Infinity":20,"s:111:6:111:Infinity":21,"b:114:5:124:Infinity:undefined:undefined:undefined:undefined":5,"s:114:5:124:Infinity":22,"s:115:30:120:Infinity":23,"b:121:9:123:Infinity:undefined:undefined:undefined:undefined":6,"s:121:9:123:Infinity":24,"s:122:13:122:Infinity":25,"s:126:4:137:Infinity":26,"s:127:8:130:Infinity":27,"s:132:9:132:Infinity":28,"b:133:9:135:Infinity:undefined:undefined:undefined:undefined":7,"s:133:9:135:Infinity":29,"b:133:13:133:39:133:39:133:77":8,"s:134:13:134:Infinity":30,"s:136:9:136:Infinity":31,"f:140:8:140:16":5,"s:141:22:144:Infinity":32,"b:145:4:147:Infinity:undefined:undefined:undefined:undefined":9,"s:145:4:147:Infinity":33,"s:146:6:146:Infinity":34,"b:149:4:151:Infinity:undefined:undefined:undefined:undefined":10,"s:149:4:151:Infinity":35,"s:150:6:150:Infinity":36,"s:153:4:158:Infinity":37,"s:154:8:154:Infinity":38,"s:156:9:156:Infinity":39,"s:157:9:157:Infinity":40}}}
,"D:\\Pessoal\\Projetos\\project-paodoceu\\backend\\src\\services\\impressaoService.ts": {"path":"D:\\Pessoal\\Projetos\\project-paodoceu\\backend\\src\\services\\impressaoService.ts","statementMap":{"0":{"start":{"line":3,"column":15},"end":{"line":3,"column":null}},"1":{"start":{"line":8,"column":19},"end":{"line":18,"column":null}},"2":{"start":{"line":20,"column":4},"end":{"line":22,"column":null}},"3":{"start":{"line":21,"column":6},"end":{"line":21,"column":null}},"4":{"start":{"line":23,"column":4},"end":{"line":25,"column":null}},"5":{"start":{"line":24,"column":6},"end":{"line":24,"column":null}},"6":{"start":{"line":29,"column":24},"end":{"line":55,"column":null}},"7":{"start":{"line":40,"column":57},"end":{"line":45,"column":8}},"8":{"start":{"line":57,"column":4},"end":{"line":57,"column":null}}},"fnMap":{"0":{"name":"(anonymous_0)","decl":{"start":{"line":7,"column":8},"end":{"line":7,"column":30}},"loc":{"start":{"line":7,"column":48},"end":{"line":58,"column":null}},"line":7},"1":{"name":"(anonymous_1)","decl":{"start":{"line":40,"column":30},"end":{"line":40,"column":31}},"loc":{"start":{"line":40,"column":57},"end":{"line":45,"column":8}},"line":40}},"branchMap":{"0":{"loc":{"start":{"line":20,"column":4},"end":{"line":22,"column":null}},"type":"if","locations":[{"start":{"line":20,"column":4},"end":{"line":22,"column":null}},{"start":{},"end":{}}],"line":20},"1":{"loc":{"start":{"line":23,"column":4},"end":{"line":25,"column":null}},"type":"if","locations":[{"start":{"line":23,"column":4},"end":{"line":25,"column":null}},{"start":{},"end":{}}],"line":23},"2":{"loc":{"start":{"line":38,"column":17},"end":{"line":38,"column":null}},"type":"binary-expr","locations":[{"start":{"line":38,"column":17},"end":{"line":38,"column":40}},{"start":{"line":38,"column":40},"end":{"line":38,"column":null}}],"line":38}},"s":{"0":0,"1":0,"2":0,"3":0,"4":0,"5":0,"6":0,"7":0,"8":0},"f":{"0":0,"1":0},"b":{"0":[0,0],"1":[0,0],"2":[0,0]},"meta":{"lastBranch":3,"lastFunction":2,"lastStatement":9,"seen":{"s:3:15:3:Infinity":0,"f:7:8:7:30":0,"s:8:19:18:Infinity":1,"b:20:4:22:Infinity:undefined:undefined:undefined:undefined":0,"s:20:4:22:Infinity":2,"s:21:6:21:Infinity":3,"b:23:4:25:Infinity:undefined:undefined:undefined:undefined":1,"s:23:4:25:Infinity":4,"s:24:6:24:Infinity":5,"s:29:24:55:Infinity":6,"b:38:17:38:40:38:40:38:Infinity":2,"f:40:30:40:31":1,"s:40:57:45:8":7,"s:57:4:57:Infinity":8}}}
,"D:\\Pessoal\\Projetos\\project-paodoceu\\backend\\src\\services\\pedidosService.ts": {"path":"D:\\Pessoal\\Projetos\\project-paodoceu\\backend\\src\\services\\pedidosService.ts","statementMap":{"0":{"start":{"line":19,"column":17},"end":{"line":19,"column":null}},"1":{"start":{"line":20,"column":24},"end":{"line":20,"column":null}},"2":{"start":{"line":21,"column":21},"end":{"line":21,"column":null}},"3":{"start":{"line":23,"column":30},"end":{"line":33,"column":null}},"4":{"start":{"line":35,"column":4},"end":{"line":35,"column":null}},"5":{"start":{"line":39,"column":36},"end":{"line":39,"column":null}},"6":{"start":{"line":41,"column":4},"end":{"line":43,"column":null}},"7":{"start":{"line":42,"column":6},"end":{"line":42,"column":null}},"8":{"start":{"line":45,"column":29},"end":{"line":45,"column":null}},"9":{"start":{"line":46,"column":27},"end":{"line":46,"column":null}},"10":{"start":{"line":49,"column":23},"end":{"line":108,"column":null}},"11":{"start":{"line":51,"column":78},"end":{"line":51,"column":null}},"12":{"start":{"line":52,"column":25},"end":{"line":52,"column":null}},"13":{"start":{"line":52,"column":43},"end":{"line":52,"column":58}},"14":{"start":{"line":54,"column":23},"end":{"line":57,"column":null}},"15":{"start":{"line":58,"column":26},"end":{"line":58,"column":null}},"16":{"start":{"line":58,"column":52},"end":{"line":58,"column":61}},"17":{"start":{"line":60,"column":6},"end":{"line":81,"column":null}},"18":{"start":{"line":61,"column":24},"end":{"line":61,"column":null}},"19":{"start":{"line":62,"column":8},"end":{"line":64,"column":null}},"20":{"start":{"line":63,"column":10},"end":{"line":63,"column":null}},"21":{"start":{"line":65,"column":8},"end":{"line":67,"column":null}},"22":{"start":{"line":66,"column":12},"end":{"line":66,"column":null}},"23":{"start":{"line":68,"column":8},"end":{"line":70,"column":null}},"24":{"start":{"line":69,"column":11},"end":{"line":69,"column":null}},"25":{"start":{"line":72,"column":25},"end":{"line":72,"column":null}},"26":{"start":{"line":73,"column":8},"end":{"line":73,"column":null}},"27":{"start":{"line":75,"column":8},"end":{"line":80,"column":null}},"28":{"start":{"line":84,"column":27},"end":{"line":105,"column":null}},"29":{"start":{"line":107,"column":6},"end":{"line":107,"column":null}},"30":{"start":{"line":110,"column":4},"end":{"line":110,"column":null}},"31":{"start":{"line":111,"column":4},"end":{"line":111,"column":null}},"32":{"start":{"line":115,"column":4},"end":{"line":122,"column":null}},"33":{"start":{"line":126,"column":4},"end":{"line":133,"column":null}},"34":{"start":{"line":137,"column":19},"end":{"line":144,"column":null}},"35":{"start":{"line":145,"column":4},"end":{"line":145,"column":null}},"36":{"start":{"line":152,"column":10},"end":{"line":152,"column":null}},"37":{"start":{"line":154,"column":29},"end":{"line":238,"column":null}},"38":{"start":{"line":155,"column":30},"end":{"line":158,"column":null}},"39":{"start":{"line":160,"column":6},"end":{"line":162,"column":null}},"40":{"start":{"line":161,"column":8},"end":{"line":161,"column":null}},"41":{"start":{"line":164,"column":6},"end":{"line":169,"column":null}},"42":{"start":{"line":165,"column":8},"end":{"line":168,"column":null}},"43":{"start":{"line":171,"column":6},"end":{"line":173,"column":null}},"44":{"start":{"line":172,"column":8},"end":{"line":172,"column":null}},"45":{"start":{"line":175,"column":37},"end":{"line":175,"column":null}},"46":{"start":{"line":176,"column":31},"end":{"line":176,"column":null}},"47":{"start":{"line":177,"column":18},"end":{"line":177,"column":null}},"48":{"start":{"line":179,"column":6},"end":{"line":184,"column":null}},"49":{"start":{"line":180,"column":8},"end":{"line":183,"column":null}},"50":{"start":{"line":186,"column":6},"end":{"line":190,"column":null}},"51":{"start":{"line":187,"column":8},"end":{"line":187,"column":null}},"52":{"start":{"line":188,"column":6},"end":{"line":190,"column":null}},"53":{"start":{"line":189,"column":9},"end":{"line":189,"column":null}},"54":{"start":{"line":193,"column":6},"end":{"line":210,"column":null}},"55":{"start":{"line":194,"column":24},"end":{"line":196,"column":null}},"56":{"start":{"line":196,"column":25},"end":{"line":196,"column":123}},"57":{"start":{"line":198,"column":28},"end":{"line":198,"column":null}},"58":{"start":{"line":199,"column":8},"end":{"line":204,"column":null}},"59":{"start":{"line":200,"column":10},"end":{"line":203,"column":null}},"60":{"start":{"line":206,"column":8},"end":{"line":209,"column":null}},"61":{"start":{"line":213,"column":6},"end":{"line":220,"column":null}},"62":{"start":{"line":223,"column":31},"end":{"line":234,"column":null}},"63":{"start":{"line":236,"column":6},"end":{"line":236,"column":null}},"64":{"start":{"line":237,"column":6},"end":{"line":237,"column":null}},"65":{"start":{"line":241,"column":4},"end":{"line":241,"column":null}},"66":{"start":{"line":242,"column":4},"end":{"line":242,"column":null}},"67":{"start":{"line":244,"column":4},"end":{"line":244,"column":null}},"68":{"start":{"line":248,"column":10},"end":{"line":248,"column":null}},"69":{"start":{"line":250,"column":19},"end":{"line":253,"column":null}},"70":{"start":{"line":253,"column":21},"end":{"line":253,"column":72}},"71":{"start":{"line":256,"column":4},"end":{"line":258,"column":null}},"72":{"start":{"line":257,"column":6},"end":{"line":257,"column":null}},"73":{"start":{"line":260,"column":29},"end":{"line":266,"column":null}},"74":{"start":{"line":268,"column":4},"end":{"line":268,"column":null}},"75":{"start":{"line":270,"column":4},"end":{"line":270,"column":null}},"76":{"start":{"line":271,"column":4},"end":{"line":271,"column":null}},"77":{"start":{"line":275,"column":10},"end":{"line":275,"column":null}},"78":{"start":{"line":276,"column":46},"end":{"line":276,"column":null}},"79":{"start":{"line":278,"column":29},"end":{"line":314,"column":null}},"80":{"start":{"line":279,"column":23},"end":{"line":282,"column":null}},"81":{"start":{"line":284,"column":8},"end":{"line":286,"column":null}},"82":{"start":{"line":285,"column":10},"end":{"line":285,"column":null}},"83":{"start":{"line":287,"column":8},"end":{"line":287,"column":null}},"84":{"start":{"line":289,"column":8},"end":{"line":291,"column":null}},"85":{"start":{"line":290,"column":10},"end":{"line":290,"column":null}},"86":{"start":{"line":293,"column":8},"end":{"line":302,"column":null}},"87":{"start":{"line":294,"column":12},"end":{"line":294,"column":null}},"88":{"start":{"line":295,"column":12},"end":{"line":300,"column":null}},"89":{"start":{"line":296,"column":14},"end":{"line":299,"column":null}},"90":{"start":{"line":301,"column":12},"end":{"line":301,"column":null}},"91":{"start":{"line":304,"column":33},"end":{"line":310,"column":null}},"92":{"start":{"line":312,"column":9},"end":{"line":312,"column":null}},"93":{"start":{"line":313,"column":9},"end":{"line":313,"column":null}},"94":{"start":{"line":316,"column":5},"end":{"line":318,"column":null}},"95":{"start":{"line":317,"column":8},"end":{"line":317,"column":null}},"96":{"start":{"line":320,"column":4},"end":{"line":320,"column":null}},"97":{"start":{"line":326,"column":36},"end":{"line":347,"column":null}},"98":{"start":{"line":349,"column":4},"end":{"line":349,"column":null}}},"fnMap":{"0":{"name":"(anonymous_0)","decl":{"start":{"line":18,"column":16},"end":{"line":18,"column":60}},"loc":{"start":{"line":18,"column":60},"end":{"line":36,"column":null}},"line":18},"1":{"name":"(anonymous_1)","decl":{"start":{"line":38,"column":8},"end":{"line":38,"column":14}},"loc":{"start":{"line":38,"column":75},"end":{"line":112,"column":null}},"line":38},"2":{"name":"(anonymous_2)","decl":{"start":{"line":49,"column":49},"end":{"line":49,"column":56}},"loc":{"start":{"line":49,"column":63},"end":{"line":108,"column":5}},"line":49},"3":{"name":"(anonymous_3)","decl":{"start":{"line":52,"column":35},"end":{"line":52,"column":43}},"loc":{"start":{"line":52,"column":43},"end":{"line":52,"column":58}},"line":52},"4":{"name":"(anonymous_4)","decl":{"start":{"line":58,"column":47},"end":{"line":58,"column":52}},"loc":{"start":{"line":58,"column":52},"end":{"line":58,"column":61}},"line":58},"5":{"name":"(anonymous_5)","decl":{"start":{"line":114,"column":8},"end":{"line":114,"column":41}},"loc":{"start":{"line":114,"column":41},"end":{"line":123,"column":null}},"line":114},"6":{"name":"(anonymous_6)","decl":{"start":{"line":125,"column":8},"end":{"line":125,"column":50}},"loc":{"start":{"line":125,"column":50},"end":{"line":134,"column":null}},"line":125},"7":{"name":"(anonymous_7)","decl":{"start":{"line":136,"column":8},"end":{"line":136,"column":19}},"loc":{"start":{"line":136,"column":55},"end":{"line":146,"column":null}},"line":136},"8":{"name":"(anonymous_8)","decl":{"start":{"line":148,"column":8},"end":{"line":148,"column":null}},"loc":{"start":{"line":151,"column":21},"end":{"line":245,"column":null}},"line":151},"9":{"name":"(anonymous_9)","decl":{"start":{"line":154,"column":55},"end":{"line":154,"column":62}},"loc":{"start":{"line":154,"column":69},"end":{"line":238,"column":5}},"line":154},"10":{"name":"(anonymous_10)","decl":{"start":{"line":196,"column":17},"end":{"line":196,"column":23}},"loc":{"start":{"line":196,"column":23},"end":{"line":196,"column":124}},"line":196},"11":{"name":"(anonymous_11)","decl":{"start":{"line":247,"column":8},"end":{"line":247,"column":27}},"loc":{"start":{"line":247,"column":56},"end":{"line":272,"column":null}},"line":247},"12":{"name":"(anonymous_12)","decl":{"start":{"line":253,"column":13},"end":{"line":253,"column":19}},"loc":{"start":{"line":253,"column":19},"end":{"line":253,"column":73}},"line":253},"13":{"name":"(anonymous_13)","decl":{"start":{"line":274,"column":8},"end":{"line":274,"column":17}},"loc":{"start":{"line":274,"column":46},"end":{"line":321,"column":null}},"line":274},"14":{"name":"(anonymous_14)","decl":{"start":{"line":278,"column":55},"end":{"line":278,"column":62}},"loc":{"start":{"line":278,"column":69},"end":{"line":314,"column":6}},"line":278},"15":{"name":"(anonymous_15)","decl":{"start":{"line":325,"column":8},"end":{"line":325,"column":50}},"loc":{"start":{"line":325,"column":50},"end":{"line":350,"column":null}},"line":325}},"branchMap":{"0":{"loc":{"start":{"line":35,"column":12},"end":{"line":35,"column":61}},"type":"binary-expr","locations":[{"start":{"line":35,"column":12},"end":{"line":35,"column":56}},{"start":{"line":35,"column":56},"end":{"line":35,"column":61}}],"line":35},"1":{"loc":{"start":{"line":41,"column":4},"end":{"line":43,"column":null}},"type":"if","locations":[{"start":{"line":41,"column":4},"end":{"line":43,"column":null}},{"start":{},"end":{}}],"line":41},"2":{"loc":{"start":{"line":41,"column":8},"end":{"line":41,"column":38}},"type":"binary-expr","locations":[{"start":{"line":41,"column":8},"end":{"line":41,"column":18}},{"start":{"line":41,"column":18},"end":{"line":41,"column":38}}],"line":41},"3":{"loc":{"start":{"line":62,"column":8},"end":{"line":64,"column":null}},"type":"if","locations":[{"start":{"line":62,"column":8},"end":{"line":64,"column":null}},{"start":{},"end":{}}],"line":62},"4":{"loc":{"start":{"line":65,"column":8},"end":{"line":67,"column":null}},"type":"if","locations":[{"start":{"line":65,"column":8},"end":{"line":67,"column":null}},{"start":{},"end":{}}],"line":65},"5":{"loc":{"start":{"line":68,"column":8},"end":{"line":70,"column":null}},"type":"if","locations":[{"start":{"line":68,"column":8},"end":{"line":70,"column":null}},{"start":{},"end":{}}],"line":68},"6":{"loc":{"start":{"line":160,"column":6},"end":{"line":162,"column":null}},"type":"if","locations":[{"start":{"line":160,"column":6},"end":{"line":162,"column":null}},{"start":{},"end":{}}],"line":160},"7":{"loc":{"start":{"line":164,"column":6},"end":{"line":169,"column":null}},"type":"if","locations":[{"start":{"line":164,"column":6},"end":{"line":169,"column":null}},{"start":{},"end":{}}],"line":164},"8":{"loc":{"start":{"line":171,"column":6},"end":{"line":173,"column":null}},"type":"if","locations":[{"start":{"line":171,"column":6},"end":{"line":173,"column":null}},{"start":{},"end":{}}],"line":171},"9":{"loc":{"start":{"line":179,"column":6},"end":{"line":184,"column":null}},"type":"if","locations":[{"start":{"line":179,"column":6},"end":{"line":184,"column":null}},{"start":{},"end":{}}],"line":179},"10":{"loc":{"start":{"line":186,"column":6},"end":{"line":190,"column":null}},"type":"if","locations":[{"start":{"line":186,"column":6},"end":{"line":190,"column":null}},{"start":{"line":188,"column":6},"end":{"line":190,"column":null}}],"line":186},"11":{"loc":{"start":{"line":188,"column":6},"end":{"line":190,"column":null}},"type":"if","locations":[{"start":{"line":188,"column":6},"end":{"line":190,"column":null}},{"start":{},"end":{}}],"line":188},"12":{"loc":{"start":{"line":199,"column":8},"end":{"line":204,"column":null}},"type":"if","locations":[{"start":{"line":199,"column":8},"end":{"line":204,"column":null}},{"start":{},"end":{}}],"line":199},"13":{"loc":{"start":{"line":256,"column":4},"end":{"line":258,"column":null}},"type":"if","locations":[{"start":{"line":256,"column":4},"end":{"line":258,"column":null}},{"start":{},"end":{}}],"line":256},"14":{"loc":{"start":{"line":284,"column":8},"end":{"line":286,"column":null}},"type":"if","locations":[{"start":{"line":284,"column":8},"end":{"line":286,"column":null}},{"start":{},"end":{}}],"line":284},"15":{"loc":{"start":{"line":289,"column":8},"end":{"line":291,"column":null}},"type":"if","locations":[{"start":{"line":289,"column":8},"end":{"line":291,"column":null}},{"start":{},"end":{}}],"line":289},"16":{"loc":{"start":{"line":289,"column":12},"end":{"line":289,"column":94}},"type":"binary-expr","locations":[{"start":{"line":289,"column":12},"end":{"line":289,"column":55}},{"start":{"line":289,"column":55},"end":{"line":289,"column":94}}],"line":289},"17":{"loc":{"start":{"line":293,"column":8},"end":{"line":302,"column":null}},"type":"if","locations":[{"start":{"line":293,"column":8},"end":{"line":302,"column":null}},{"start":{},"end":{}}],"line":293},"18":{"loc":{"start":{"line":316,"column":5},"end":{"line":318,"column":null}},"type":"if","locations":[{"start":{"line":316,"column":5},"end":{"line":318,"column":null}},{"start":{},"end":{}}],"line":316}},"s":{"0":0,"1":0,"2":0,"3":0,"4":0,"5":0,"6":0,"7":0,"8":0,"9":0,"10":0,"11":0,"12":0,"13":0,"14":0,"15":0,"16":0,"17":0,"18":0,"19":0,"20":0,"21":0,"22":0,"23":0,"24":0,"25":0,"26":0,"27":0,"28":0,"29":0,"30":0,"31":0,"32":0,"33":0,"34":0,"35":0,"36":0,"37":0,"38":0,"39":0,"40":0,"41":0,"42":0,"43":0,"44":0,"45":0,"46":0,"47":0,"48":0,"49":0,"50":0,"51":0,"52":0,"53":0,"54":0,"55":0,"56":0,"57":0,"58":0,"59":0,"60":0,"61":0,"62":0,"63":0,"64":0,"65":0,"66":0,"67":0,"68":0,"69":0,"70":0,"71":0,"72":0,"73":0,"74":0,"75":0,"76":0,"77":0,"78":0,"79":0,"80":0,"81":0,"82":0,"83":0,"84":0,"85":0,"86":0,"87":0,"88":0,"89":0,"90":0,"91":0,"92":0,"93":0,"94":0,"95":0,"96":0,"97":0,"98":0},"f":{"0":0,"1":0,"2":0,"3":0,"4":0,"5":0,"6":0,"7":0,"8":0,"9":0,"10":0,"11":0,"12":0,"13":0,"14":0,"15":0},"b":{"0":[0,0],"1":[0,0],"2":[0,0],"3":[0,0],"4":[0,0],"5":[0,0],"6":[0,0],"7":[0,0],"8":[0,0],"9":[0,0],"10":[0,0],"11":[0,0],"12":[0,0],"13":[0,0],"14":[0,0],"15":[0,0],"16":[0,0],"17":[0,0],"18":[0,0]},"meta":{"lastBranch":19,"lastFunction":16,"lastStatement":99,"seen":{"f:18:16:18:60":0,"s:19:17:19:Infinity":0,"s:20:24:20:Infinity":1,"s:21:21:21:Infinity":2,"s:23:30:33:Infinity":3,"s:35:4:35:Infinity":4,"b:35:12:35:56:35:56:35:61":0,"f:38:8:38:14":1,"s:39:36:39:Infinity":5,"b:41:4:43:Infinity:undefined:undefined:undefined:undefined":1,"s:41:4:43:Infinity":6,"b:41:8:41:18:41:18:41:38":2,"s:42:6:42:Infinity":7,"s:45:29:45:Infinity":8,"s:46:27:46:Infinity":9,"s:49:23:108:Infinity":10,"f:49:49:49:56":2,"s:51:78:51:Infinity":11,"s:52:25:52:Infinity":12,"f:52:35:52:43":3,"s:52:43:52:58":13,"s:54:23:57:Infinity":14,"s:58:26:58:Infinity":15,"f:58:47:58:52":4,"s:58:52:58:61":16,"s:60:6:81:Infinity":17,"s:61:24:61:Infinity":18,"b:62:8:64:Infinity:undefined:undefined:undefined:undefined":3,"s:62:8:64:Infinity":19,"s:63:10:63:Infinity":20,"b:65:8:67:Infinity:undefined:undefined:undefined:undefined":4,"s:65:8:67:Infinity":21,"s:66:12:66:Infinity":22,"b:68:8:70:Infinity:undefined:undefined:undefined:undefined":5,"s:68:8:70:Infinity":23,"s:69:11:69:Infinity":24,"s:72:25:72:Infinity":25,"s:73:8:73:Infinity":26,"s:75:8:80:Infinity":27,"s:84:27:105:Infinity":28,"s:107:6:107:Infinity":29,"s:110:4:110:Infinity":30,"s:111:4:111:Infinity":31,"f:114:8:114:41":5,"s:115:4:122:Infinity":32,"f:125:8:125:50":6,"s:126:4:133:Infinity":33,"f:136:8:136:19":7,"s:137:19:144:Infinity":34,"s:145:4:145:Infinity":35,"f:148:8:148:Infinity":8,"s:152:10:152:Infinity":36,"s:154:29:238:Infinity":37,"f:154:55:154:62":9,"s:155:30:158:Infinity":38,"b:160:6:162:Infinity:undefined:undefined:undefined:undefined":6,"s:160:6:162:Infinity":39,"s:161:8:161:Infinity":40,"b:164:6:169:Infinity:undefined:undefined:undefined:undefined":7,"s:164:6:169:Infinity":41,"s:165:8:168:Infinity":42,"b:171:6:173:Infinity:undefined:undefined:undefined:undefined":8,"s:171:6:173:Infinity":43,"s:172:8:172:Infinity":44,"s:175:37:175:Infinity":45,"s:176:31:176:Infinity":46,"s:177:18:177:Infinity":47,"b:179:6:184:Infinity:undefined:undefined:undefined:undefined":9,"s:179:6:184:Infinity":48,"s:180:8:183:Infinity":49,"b:186:6:190:Infinity:188:6:190:Infinity":10,"s:186:6:190:Infinity":50,"s:187:8:187:Infinity":51,"b:188:6:190:Infinity:undefined:undefined:undefined:undefined":11,"s:188:6:190:Infinity":52,"s:189:9:189:Infinity":53,"s:193:6:210:Infinity":54,"s:194:24:196:Infinity":55,"f:196:17:196:23":10,"s:196:25:196:123":56,"s:198:28:198:Infinity":57,"b:199:8:204:Infinity:undefined:undefined:undefined:undefined":12,"s:199:8:204:Infinity":58,"s:200:10:203:Infinity":59,"s:206:8:209:Infinity":60,"s:213:6:220:Infinity":61,"s:223:31:234:Infinity":62,"s:236:6:236:Infinity":63,"s:237:6:237:Infinity":64,"s:241:4:241:Infinity":65,"s:242:4:242:Infinity":66,"s:244:4:244:Infinity":67,"f:247:8:247:27":11,"s:248:10:248:Infinity":68,"s:250:19:253:Infinity":69,"f:253:13:253:19":12,"s:253:21:253:72":70,"b:256:4:258:Infinity:undefined:undefined:undefined:undefined":13,"s:256:4:258:Infinity":71,"s:257:6:257:Infinity":72,"s:260:29:266:Infinity":73,"s:268:4:268:Infinity":74,"s:270:4:270:Infinity":75,"s:271:4:271:Infinity":76,"f:274:8:274:17":13,"s:275:10:275:Infinity":77,"s:276:46:276:Infinity":78,"s:278:29:314:Infinity":79,"f:278:55:278:62":14,"s:279:23:282:Infinity":80,"b:284:8:286:Infinity:undefined:undefined:undefined:undefined":14,"s:284:8:286:Infinity":81,"s:285:10:285:Infinity":82,"s:287:8:287:Infinity":83,"b:289:8:291:Infinity:undefined:undefined:undefined:undefined":15,"s:289:8:291:Infinity":84,"b:289:12:289:55:289:55:289:94":16,"s:290:10:290:Infinity":85,"b:293:8:302:Infinity:undefined:undefined:undefined:undefined":17,"s:293:8:302:Infinity":86,"s:294:12:294:Infinity":87,"s:295:12:300:Infinity":88,"s:296:14:299:Infinity":89,"s:301:12:301:Infinity":90,"s:304:33:310:Infinity":91,"s:312:9:312:Infinity":92,"s:313:9:313:Infinity":93,"b:316:5:318:Infinity:undefined:undefined:undefined:undefined":18,"s:316:5:318:Infinity":94,"s:317:8:317:Infinity":95,"s:320:4:320:Infinity":96,"f:325:8:325:50":15,"s:326:36:347:Infinity":97,"s:349:4:349:Infinity":98}}}
[...]
e":107,"column":74}},"line":107},"7":{"name":"(anonymous_7)","decl":{"start":{"line":112,"column":45},"end":{"line":112,"column":50}},"loc":{"start":{"line":112,"column":50},"end":{"line":112,"column":64}},"line":112},"8":{"name":"(anonymous_8)","decl":{"start":{"line":114,"column":39},"end":{"line":114,"column":48}},"loc":{"start":{"line":114,"column":48},"end":{"line":118,"column":6}},"line":114},"9":{"name":"(anonymous_9)","decl":{"start":{"line":122,"column":8},"end":{"line":122,"column":27}},"loc":{"start":{"line":122,"column":62},"end":{"line":188,"column":null}},"line":122},"10":{"name":"(anonymous_10)","decl":{"start":{"line":169,"column":34},"end":{"line":169,"column":47}},"loc":{"start":{"line":169,"column":47},"end":{"line":185,"column":5}},"line":169},"11":{"name":"(anonymous_11)","decl":{"start":{"line":172,"column":35},"end":{"line":172,"column":46}},"loc":{"start":{"line":172,"column":46},"end":{"line":177,"column":9}},"line":172},"12":{"name":"(anonymous_12)","decl":{"start":{"line":173,"column":41},"end":{"line":173,"column":49}},"loc":{"start":{"line":173,"column":49},"end":{"line":176,"column":13}},"line":173},"13":{"name":"(anonymous_13)","decl":{"start":{"line":187,"column":26},"end":{"line":187,"column":27}},"loc":{"start":{"line":187,"column":36},"end":{"line":187,"column":53}},"line":187},"14":{"name":"(anonymous_14)","decl":{"start":{"line":190,"column":8},"end":{"line":190,"column":26}},"loc":{"start":{"line":190,"column":92},"end":{"line":203,"column":null}},"line":190}},"branchMap":{"0":{"loc":{"start":{"line":11,"column":19},"end":{"line":11,"column":null}},"type":"cond-expr","locations":[{"start":{"line":11,"column":19},"end":{"line":11,"column":57}},{"start":{"line":11,"column":57},"end":{"line":11,"column":null}}],"line":11},"1":{"loc":{"start":{"line":12,"column":16},"end":{"line":12,"column":null}},"type":"cond-expr","locations":[{"start":{"line":12,"column":16},"end":{"line":12,"column":46}},{"start":{"line":12,"column":46},"end":{"line":12,"column":null}}],"line":12},"2":{"loc":{"start":{"line":18,"column":26},"end":{"line":18,"column":null}},"type":"cond-expr","locations":[{"start":{"line":18,"column":38},"end":{"line":18,"column":50}},{"start":{"line":18,"column":44},"end":{"line":18,"column":null}}],"line":18},"3":{"loc":{"start":{"line":19,"column":23},"end":{"line":19,"column":null}},"type":"cond-expr","locations":[{"start":{"line":19,"column":35},"end":{"line":19,"column":47}},{"start":{"line":19,"column":41},"end":{"line":19,"column":null}}],"line":19},"4":{"loc":{"start":{"line":39,"column":19},"end":{"line":39,"column":null}},"type":"binary-expr","locations":[{"start":{"line":39,"column":19},"end":{"line":39,"column":44}},{"start":{"line":39,"column":44},"end":{"line":39,"column":null}}],"line":39},"5":{"loc":{"start":{"line":68,"column":24},"end":{"line":68,"column":null}},"type":"cond-expr","locations":[{"start":{"line":68,"column":43},"end":{"line":68,"column":73}},{"start":{"line":68,"column":73},"end":{"line":68,"column":null}}],"line":68},"6":{"loc":{"start":{"line":72,"column":16},"end":{"line":72,"column":null}},"type":"binary-expr","locations":[{"start":{"line":72,"column":16},"end":{"line":72,"column":59}},{"start":{"line":72,"column":59},"end":{"line":72,"column":null}}],"line":72},"7":{"loc":{"start":{"line":73,"column":13},"end":{"line":73,"column":null}},"type":"binary-expr","locations":[{"start":{"line":73,"column":13},"end":{"line":73,"column":53}},{"start":{"line":73,"column":53},"end":{"line":73,"column":null}}],"line":73},"8":{"loc":{"start":{"line":81,"column":60},"end":{"line":81,"column":80}},"type":"default-arg","locations":[{"start":{"line":81,"column":77},"end":{"line":81,"column":80}}],"line":81},"9":{"loc":{"start":{"line":115,"column":14},"end":{"line":115,"column":null}},"type":"binary-expr","locations":[{"start":{"line":115,"column":14},"end":{"line":115,"column":49}},{"start":{"line":115,"column":49},"end":{"line":115,"column":null}}],"line":115},"10":{"loc":{"start":{"line":116,"column":20},"end":{"line":116,"column":null}},"type":"binary-expr","locations":[{"start":{"line":116,"column":20},"end":{"line":116,"column":52}},{"start":{"line":116,"column":52},"end":{"line":116,"column":null}}],"line":116},"11":{"loc":{"start":{"line":117,"column":15},"end":{"line":117,"column":null}},"type":"binary-expr","locations":[{"start":{"line":117,"column":15},"end":{"line":117,"column":45}},{"start":{"line":117,"column":45},"end":{"line":117,"column":null}}],"line":117},"12":{"loc":{"start":{"line":178,"column":9},"end":{"line":184,"column":null}},"type":"if","locations":[{"start":{"line":178,"column":9},"end":{"line":184,"column":null}},{"start":{},"end":{}}],"line":178},"13":{"loc":{"start":{"line":191,"column":6},"end":{"line":202,"column":null}},"type":"switch","locations":[{"start":{"line":192,"column":8},"end":{"line":193,"column":null}},{"start":{"line":194,"column":8},"end":{"line":195,"column":null}},{"start":{"line":196,"column":8},"end":{"line":197,"column":null}},{"start":{"line":198,"column":8},"end":{"line":199,"column":null}},{"start":{"line":200,"column":8},"end":{"line":201,"column":null}}],"line":191}},"s":{"0":0,"1":0,"2":0,"3":0,"4":0,"5":0,"6":0,"7":0,"8":0,"9":0,"10":0,"11":0,"12":0,"13":0,"14":0,"15":0,"16":0,"17":0,"18":0,"19":0,"20":0,"21":0,"22":0,"23":0,"24":0,"25":0,"26":0,"27":0,"28":0,"29":0,"30":0,"31":0,"32":0,"33":0,"34":0,"35":0,"36":0,"37":0,"38":0,"39":0,"40":0,"41":0,"42":0,"43":0,"44":0,"45":0,"46":0,"47":0,"48":0},"f":{"0":0,"1":0,"2":0,"3":0,"4":0,"5":0,"6":0,"7":0,"8":0,"9":0,"10":0,"11":0,"12":0,"13":0,"14":0},"b":{"0":[0,0],"1":[0,0],"2":[0,0],"3":[0,0],"4":[0,0],"5":[0,0],"6":[0,0],"7":[0,0],"8":[0],"9":[0,0],"10":[0,0],"11":[0,0],"12":[0,0],"13":[0,0,0,0,0]},"meta":{"lastBranch":14,"lastFunction":15,"lastStatement":49,"seen":{"f:10:10:10:23":0,"s:11:19:11:Infinity":0,"b:11:19:11:57:11:57:11:Infinity":0,"s:12:16:12:Infinity":1,"b:12:16:12:46:12:46:12:Infinity":1,"s:13:4:13:Infinity":2,"f:16:16:16:29":1,"s:17:18:17:Infinity":3,"s:18:26:18:Infinity":4,"b:18:38:18:50:18:44:18:Infinity":2,"s:19:23:19:Infinity":5,"b:19:35:19:47:19:41:19:Infinity":3,"s:22:18:29:Infinity":6,"s:34:4:49:Infinity":7,"s:35:73:35:Infinity":8,"s:37:8:40:Infinity":9,"f:37:35:37:44":2,"s:37:44:40:10":10,"b:39:19:39:44:39:44:39:Infinity":4,"s:43:8:47:Infinity":11,"s:48:8:48:Infinity":12,"f:53:8:53:25":3,"s:54:18:54:Infinity":13,"s:56:25:64:Infinity":14,"s:66:25:66:Infinity":15,"f:66:45:66:46":4,"s:66:78:66:104":16,"s:67:25:67:Infinity":17,"s:68:24:68:Infinity":18,"b:68:43:68:73:68:73:68:Infinity":5,"s:70:4:78:Infinity":19,"b:72:16:72:59:72:59:72:Infinity":6,"b:73:13:73:53:73:53:73:Infinity":7,"f:81:8:81:25":5,"b:81:77:81:80":8,"s:82:18:82:Infinity":20,"s:84:35:105:Infinity":21,"s:107:24:107:Infinity":22,"f:107:51:107:59":6,"s:107:59:107:74":23,"s:108:22:111:Infinity":24,"s:112:24:112:Infinity":25,"f:112:45:112:50":7,"s:112:50:112:64":26,"s:114:5:118:Infinity":27,"f:114:39:114:48":8,"s:114:48:118:6":28,"b:115:14:115:49:115:49:115:Infinity":9,"b:116:20:116:52:116:52:116:Infinity":10,"b:117:15:117:45:117:45:117:Infinity":11,"f:122:8:122:27":9,"s:123:18:123:Infinity":29,"s:125:34:166:Infinity":30,"s:168:77:168:Infinity":31,"s:169:4:185:Infinity":32,"f:169:34:169:47":10,"s:170:30:170:Infinity":33,"s:171:25:171:Infinity":34,"s:172:8:177:Infinity":35,"f:172:35:172:46":11,"s:173:12:176:Infinity":36,"f:173:41:173:49":12,"s:174:16:174:Infinity":37,"s:175:16:175:Infinity":38,"b:178:9:184:Infinity:undefined:undefined:undefined:undefined":12,"s:178:9:184:Infinity":39,"s:179:13:183:Infinity":40,"s:187:4:187:Infinity":41,"f:187:26:187:27":13,"s:187:36:187:53":42,"f:190:8:190:26":14,"b:192:8:193:Infinity:194:8:195:Infinity:196:8:197:Infinity:198:8:199:Infinity:200:8:201:Infinity":13,"s:191:6:202:Infinity":43,"s:193:10:193:Infinity":44,"s:195:10:195:Infinity":45,"s:197:10:197:Infinity":46,"s:199:11:199:Infinity":47,"s:201:10:201:Infinity":48}}}
,"D:\\Pessoal\\Projetos\\project-paodoceu\\backend\\src\\services\\usuariosService.ts": {"path":"D:\\Pessoal\\Projetos\\project-paodoceu\\backend\\src\\services\\usuariosService.ts","statementMap":{"0":{"start":{"line":31,"column":32},"end":{"line":31,"column":null}},"1":{"start":{"line":32,"column":4},"end":{"line":32,"column":null}},"2":{"start":{"line":36,"column":4},"end":{"line":36,"column":null}},"3":{"start":{"line":36,"column":29},"end":{"line":36,"column":48}},"4":{"start":{"line":46,"column":44},"end":{"line":46,"column":null}},"5":{"start":{"line":47,"column":4},"end":{"line":52,"column":null}},"6":{"start":{"line":48,"column":6},"end":{"line":51,"column":null}},"7":{"start":{"line":55,"column":23},"end":{"line":55,"column":null}},"8":{"start":{"line":56,"column":25},"end":{"line":56,"column":null}},"9":{"start":{"line":57,"column":10},"end":{"line":57,"column":null}},"10":{"start":{"line":60,"column":21},"end":{"line":67,"column":null}},"11":{"start":{"line":69,"column":4},"end":{"line":77,"column":null}},"12":{"start":{"line":83,"column":20},"end":{"line":83,"column":null}},"13":{"start":{"line":84,"column":4},"end":{"line":84,"column":null}},"14":{"start":{"line":84,"column":18},"end":{"line":84,"column":null}},"15":{"start":{"line":85,"column":4},"end":{"line":85,"column":null}},"16":{"start":{"line":89,"column":4},"end":{"line":91,"column":null}},"17":{"start":{"line":90,"column":6},"end":{"line":90,"column":null}},"18":{"start":{"line":93,"column":29},"end":{"line":95,"column":null}},"19":{"start":{"line":97,"column":4},"end":{"line":99,"column":null}},"20":{"start":{"line":98,"column":6},"end":{"line":98,"column":null}},"21":{"start":{"line":101,"column":17},"end":{"line":101,"column":null}},"22":{"start":{"line":102,"column":22},"end":{"line":102,"column":null}},"23":{"start":{"line":104,"column":4},"end":{"line":118,"column":null}},"24":{"start":{"line":105,"column":28},"end":{"line":110,"column":null}},"25":{"start":{"line":111,"column":8},"end":{"line":111,"column":null}},"26":{"start":{"line":113,"column":8},"end":{"line":113,"column":null}},"27":{"start":{"line":114,"column":9},"end":{"line":116,"column":null}},"28":{"start":{"line":115,"column":13},"end":{"line":115,"column":null}},"29":{"start":{"line":117,"column":8},"end":{"line":117,"column":null}},"30":{"start":{"line":122,"column":36},"end":{"line":122,"column":null}},"31":{"start":{"line":124,"column":4},"end":{"line":129,"column":null}},"32":{"start":{"line":125,"column":19},"end":{"line":125,"column":null}},"33":{"start":{"line":126,"column":6},"end":{"line":126,"column":null}},"34":{"start":{"line":128,"column":6},"end":{"line":128,"column":null}},"35":{"start":{"line":131,"column":5},"end":{"line":141,"column":null}},"36":{"start":{"line":132,"column":31},"end":{"line":137,"column":null}},"37":{"start":{"line":138,"column":9},"end":{"line":140,"column":null}},"38":{"start":{"line":139,"column":13},"end":{"line":139,"column":null}},"39":{"start":{"line":143,"column":4},"end":{"line":158,"column":null}},"40":{"start":{"line":144,"column":34},"end":{"line":147,"column":null}},"41":{"start":{"line":148,"column":8},"end":{"line":148,"column":null}},"42":{"start":{"line":150,"column":9},"end":{"line":150,"column":null}},"43":{"start":{"line":151,"column":9},"end":{"line":153,"column":null}},"44":{"start":{"line":152,"column":13},"end":{"line":152,"column":null}},"45":{"start":{"line":154,"column":9},"end":{"line":156,"column":null}},"46":{"start":{"line":155,"column":14},"end":{"line":155,"column":null}},"47":{"start":{"line":157,"column":9},"end":{"line":157,"column":null}},"48":{"start":{"line":162,"column":4},"end":{"line":174,"column":null}},"49":{"start":{"line":163,"column":8},"end":{"line":163,"column":null}},"50":{"start":{"line":165,"column":9},"end":{"line":165,"column":null}},"51":{"start":{"line":166,"column":9},"end":{"line":168,"column":null}},"52":{"start":{"line":167,"column":14},"end":{"line":167,"column":null}},"53":{"start":{"line":170,"column":9},"end":{"line":172,"column":null}},"54":{"start":{"line":171,"column":14},"end":{"line":171,"column":null}},"55":{"start":{"line":173,"column":9},"end":{"line":173,"column":null}}},"fnMap":{"0":{"name":"(anonymous_0)","decl":{"start":{"line":30,"column":10},"end":{"line":30,"column":22}},"loc":{"start":{"line":30,"column":64},"end":{"line":33,"column":null}},"line":30},"1":{"name":"(anonymous_1)","decl":{"start":{"line":35,"column":10},"end":{"line":35,"column":29}},"loc":{"start":{"line":35,"column":76},"end":{"line":37,"column":null}},"line":35},"2":{"name":"(anonymous_2)","decl":{"start":{"line":36,"column":24},"end":{"line":36,"column":29}},"loc":{"start":{"line":36,"column":29},"end":{"line":36,"column":48}},"line":36},"3":{"name":"(anonymous_3)","decl":{"start":{"line":40,"column":8},"end":{"line":40,"column":null}},"loc":{"start":{"line":44,"column":56},"end":{"line":78,"column":null}},"line":44},"4":{"name":"(anonymous_4)","decl":{"start":{"line":82,"column":8},"end":{"line":82,"column":19}},"loc":{"start":{"line":82,"column":71},"end":{"line":86,"column":null}},"line":82},"5":{"name":"(anonymous_5)","decl":{"start":{"line":88,"column":8},"end":{"line":88,"column":14}},"loc":{"start":{"line":88,"column":76},"end":{"line":119,"column":null}},"line":88},"6":{"name":"(anonymous_6)","decl":{"start":{"line":121,"column":8},"end":{"line":121,"column":18}},"loc":{"start":{"line":121,"column":87},"end":{"line":159,"column":null}},"line":121},"7":{"name":"(anonymous_7)","decl":{"start":{"line":161,"column":8},"end":{"line":161,"column":16}},"loc":{"start":{"line":161,"column":43},"end":{"line":175,"column":null}},"line":161}},"branchMap":{"0":{"loc":{"start":{"line":47,"column":4},"end":{"line":52,"column":null}},"type":"if","locations":[{"start":{"line":47,"column":4},"end":{"line":52,"column":null}},{"start":{},"end":{}}],"line":47},"1":{"loc":{"start":{"line":84,"column":4},"end":{"line":84,"column":null}},"type":"if","locations":[{"start":{"line":84,"column":4},"end":{"line":84,"column":null}},{"start":{},"end":{}}],"line":84},"2":{"loc":{"start":{"line":89,"column":4},"end":{"line":91,"column":null}},"type":"if","locations":[{"start":{"line":89,"column":4},"end":{"line":91,"column":null}},{"start":{},"end":{}}],"line":89},"3":{"loc":{"start":{"line":97,"column":4},"end":{"line":99,"column":null}},"type":"if","locations":[{"start":{"line":97,"column":4},"end":{"line":99,"column":null}},{"start":{},"end":{}}],"line":97},"4":{"loc":{"start":{"line":114,"column":9},"end":{"line":116,"column":null}},"type":"if","locations":[{"start":{"line":114,"column":9},"end":{"line":116,"column":null}},{"start":{},"end":{}}],"line":114},"5":{"loc":{"start":{"line":114,"column":13},"end":{"line":114,"column":78}},"type":"binary-expr","locations":[{"start":{"line":114,"column":13},"end":{"line":114,"column":39}},{"start":{"line":114,"column":39},"end":{"line":114,"column":78}}],"line":114},"6":{"loc":{"start":{"line":124,"column":4},"end":{"line":129,"column":null}},"type":"if","locations":[{"start":{"line":124,"column":4},"end":{"line":129,"column":null}},{"start":{"line":127,"column":11},"end":{"line":129,"column":null}}],"line":124},"7":{"loc":{"start":{"line":124,"column":8},"end":{"line":124,"column":45}},"type":"binary-expr","locations":[{"start":{"line":124,"column":8},"end":{"line":124,"column":22}},{"start":{"line":124,"column":22},"end":{"line":124,"column":45}}],"line":124},"8":{"loc":{"start":{"line":131,"column":5},"end":{"line":141,"column":null}},"type":"if","locations":[{"start":{"line":131,"column":5},"end":{"line":141,"column":null}},{"start":{},"end":{}}],"line":131},"9":{"loc":{"start":{"line":138,"column":9},"end":{"line":140,"column":null}},"type":"if","locations":[{"start":{"line":138,"column":9},"end":{"line":140,"column":null}},{"start":{},"end":{}}],"line":138},"10":{"loc":{"start":{"line":151,"column":9},"end":{"line":153,"column":null}},"type":"if","locations":[{"start":{"line":151,"column":9},"end":{"line":153,"column":null}},{"start":{},"end":{}}],"line":151},"11":{"loc":{"start":{"line":151,"column":13},"end":{"line":151,"column":78}},"type":"binary-expr","locations":[{"start":{"line":151,"column":13},"end":{"line":151,"column":39}},{"start":{"line":151,"column":39},"end":{"line":151,"column":78}}],"line":151},"12":{"loc":{"start":{"line":154,"column":9},"end":{"line":156,"column":null}},"type":"if","locations":[{"start":{"line":154,"column":9},"end":{"line":156,"column":null}},{"start":{},"end":{}}],"line":154},"13":{"loc":{"start":{"line":166,"column":9},"end":{"line":168,"column":null}},"type":"if","locations":[{"start":{"line":166,"column":9},"end":{"line":168,"column":null}},{"start":{},"end":{}}],"line":166},"14":{"loc":{"start":{"line":170,"column":9},"end":{"line":172,"column":null}},"type":"if","locations":[{"start":{"line":170,"column":9},"end":{"line":172,"column":null}},{"start":{},"end":{}}],"line":170}},"s":{"0":0,"1":0,"2":0,"3":0,"4":0,"5":0,"6":0,"7":0,"8":0,"9":0,"10":0,"11":0,"12":0,"13":0,"14":0,"15":0,"16":0,"17":0,"18":0,"19":0,"20":0,"21":0,"22":0,"23":0,"24":0,"25":0,"26":0,"27":0,"28":0,"29":0,"30":0,"31":0,"32":0,"33":0,"34":0,"35":0,"36":0,"37":0,"38":0,"39":0,"40":0,"41":0,"42":0,"43":0,"44":0,"45":0,"46":0,"47":0,"48":0,"49":0,"50":0,"51":0,"52":0,"53":0,"54":0,"55":0},"f":{"0":0,"1":0,"2":0,"3":0,"4":0,"5":0,"6":0,"7":0},"b":{"0":[0,0],"1":[0,0],"2":[0,0],"3":[0,0],"4":[0,0],"5":[0,0],"6":[0,0],"7":[0,0],"8":[0,0],"9":[0,0],"10":[0,0],"11":[0,0],"12":[0,0],"13":[0,0],"14":[0,0]},"meta":{"lastBranch":15,"lastFunction":8,"lastStatement":56,"seen":{"f:30:10:30:22":0,"s:31:32:31:Infinity":0,"s:32:4:32:Infinity":1,"f:35:10:35:29":1,"s:36:4:36:Infinity":2,"f:36:24:36:29":2,"s:36:29:36:48":3,"f:40:8:40:Infinity":3,"s:46:44:46:Infinity":4,"b:47:4:52:Infinity:undefined:undefined:undefined:undefined":0,"s:47:4:52:Infinity":5,"s:48:6:51:Infinity":6,"s:55:23:55:Infinity":7,"s:56:25:56:Infinity":8,"s:57:10:57:Infinity":9,"s:60:21:67:Infinity":10,"s:69:4:77:Infinity":11,"f:82:8:82:19":4,"s:83:20:83:Infinity":12,"b:84:4:84:Infinity:undefined:undefined:undefined:undefined":1,"s:84:4:84:Infinity":13,"s:84:18:84:Infinity":14,"s:85:4:85:Infinity":15,"f:88:8:88:14":5,"b:89:4:91:Infinity:undefined:undefined:undefined:undefined":2,"s:89:4:91:Infinity":16,"s:90:6:90:Infinity":17,"s:93:29:95:Infinity":18,"b:97:4:99:Infinity:undefined:undefined:undefined:undefined":3,"s:97:4:99:Infinity":19,"s:98:6:98:Infinity":20,"s:101:17:101:Infinity":21,"s:102:22:102:Infinity":22,"s:104:4:118:Infinity":23,"s:105:28:110:Infinity":24,"s:111:8:111:Infinity":25,"s:113:8:113:Infinity":26,"b:114:9:116:Infinity:undefined:undefined:undefined:undefined":4,"s:114:9:116:Infinity":27,"b:114:13:114:39:114:39:114:78":5,"s:115:13:115:Infinity":28,"s:117:8:117:Infinity":29,"f:121:8:121:18":6,"s:122:36:122:Infinity":30,"b:124:4:129:Infinity:127:11:129:Infinity":6,"s:124:4:129:Infinity":31,"b:124:8:124:22:124:22:124:45":7,"s:125:19:125:Infinity":32,"s:126:6:126:Infinity":33,"s:128:6:128:Infinity":34,"b:131:5:141:Infinity:undefined:undefined:undefined:undefined":8,"s:131:5:141:Infinity":35,"s:132:31:137:Infinity":36,"b:138:9:140:Infinity:undefined:undefined:undefined:undefined":9,"s:138:9:140:Infinity":37,"s:139:13:139:Infinity":38,"s:143:4:158:Infinity":39,"s:144:34:147:Infinity":40,"s:148:8:148:Infinity":41,"s:150:9:150:Infinity":42,"b:151:9:153:Infinity:undefined:undefined:undefined:undefined":10,"s:151:9:153:Infinity":43,"b:151:13:151:39:151:39:151:78":11,"s:152:13:152:Infinity":44,"b:154:9:156:Infinity:undefined:undefined:undefined:undefined":12,"s:154:9:156:Infinity":45,"s:155:14:155:Infinity":46,"s:157:9:157:Infinity":47,"f:161:8:161:16":7,"s:162:4:174:Infinity":48,"s:163:8:163:Infinity":49,"s:165:9:165:Infinity":50,"b:166:9:168:Infinity:undefined:undefined:undefined:undefined":13,"s:166:9:168:Infinity":51,"s:167:14:167:Infinity":52,"b:170:9:172:Infinity:undefined:undefined:undefined:undefined":14,"s:170:9:172:Infinity":53,"s:171:14:171:Infinity":54,"s:173:9:173:Infinity":55}}}
}
